[0.143s] DEBUG:colcon:Command line arguments: ['/usr/bin/colcon', 'build']
[0.143s] DEBUG:colcon:Parsed command line arguments: Namespace(log_base=None, log_level=None, verb_name='build', build_base='build', install_base='install', merge_install=False, symlink_install=False, test_result_base=None, continue_on_error=False, executor='parallel', parallel_workers=4, event_handlers=None, ignore_user_meta=False, metas=['./colcon.meta'], base_paths=['.'], packages_ignore=None, packages_ignore_regex=None, paths=None, packages_up_to=None, packages_up_to_regex=None, packages_above=None, packages_above_and_dependencies=None, packages_above_depth=None, packages_select_by_dep=None, packages_skip_by_dep=None, packages_skip_up_to=None, packages_select_build_failed=False, packages_skip_build_finished=False, packages_select_test_failures=False, packages_skip_test_passed=False, packages_select=None, packages_skip=None, packages_select_regex=None, packages_skip_regex=None, packages_start=None, packages_end=None, allow_overriding=[], cmake_args=None, cmake_target=None, cmake_target_skip_unavailable=False, cmake_clean_cache=False, cmake_clean_first=False, cmake_force_configure=False, ament_cmake_args=None, catkin_cmake_args=None, catkin_skip_building_tests=False, mixin_files=None, mixin=None, verb_parser=<colcon_mixin.mixin.mixin_argument.MixinArgumentDecorator object at 0x74928c46fa90>, verb_extension=<colcon_core.verb.build.BuildVerb object at 0x74928c46f3a0>, main=<bound method BuildVerb.main of <colcon_core.verb.build.BuildVerb object at 0x74928c46f3a0>>, mixin_verb=('build',))
[0.356s] Level 1:colcon.colcon_core.package_discovery:discover_packages(colcon_meta) check parameters
[0.356s] Level 1:colcon.colcon_core.package_discovery:discover_packages(recursive) check parameters
[0.356s] Level 1:colcon.colcon_core.package_discovery:discover_packages(ignore) check parameters
[0.356s] Level 1:colcon.colcon_core.package_discovery:discover_packages(path) check parameters
[0.356s] Level 1:colcon.colcon_core.package_discovery:discover_packages(colcon_meta) discover
[0.356s] Level 1:colcon.colcon_core.package_discovery:discover_packages(recursive) discover
[0.356s] INFO:colcon.colcon_core.package_discovery:Crawling recursively for packages in '/home/robousr/Robotica-2026-1/proyecto_Robot1/Robot_1'
[0.356s] Level 1:colcon.colcon_core.package_identification:_identify(.) by extensions ['ignore', 'ignore_ament_install']
[0.356s] Level 1:colcon.colcon_core.package_identification:_identify(.) by extension 'ignore'
[0.357s] Level 1:colcon.colcon_core.package_identification:_identify(.) by extension 'ignore_ament_install'
[0.357s] Level 1:colcon.colcon_core.package_identification:_identify(.) by extensions ['colcon_pkg']
[0.357s] Level 1:colcon.colcon_core.package_identification:_identify(.) by extension 'colcon_pkg'
[0.357s] Level 1:colcon.colcon_core.package_identification:_identify(.) by extensions ['colcon_meta']
[0.357s] Level 1:colcon.colcon_core.package_identification:_identify(.) by extension 'colcon_meta'
[0.357s] Level 1:colcon.colcon_core.package_identification:_identify(.) by extensions ['ros']
[0.357s] Level 1:colcon.colcon_core.package_identification:_identify(.) by extension 'ros'
[0.385s] Level 1:colcon.colcon_core.package_identification:_identify(.) by extensions ['cmake', 'python']
[0.385s] Level 1:colcon.colcon_core.package_identification:_identify(.) by extension 'cmake'
[0.385s] Level 1:colcon.colcon_core.package_identification:_identify(.) by extension 'python'
[0.385s] Level 1:colcon.colcon_core.package_identification:_identify(.) by extensions ['python_setup_py']
[0.385s] Level 1:colcon.colcon_core.package_identification:_identify(.) by extension 'python_setup_py'
[0.385s] Level 1:colcon.colcon_core.package_identification:_identify(build) by extensions ['ignore', 'ignore_ament_install']
[0.385s] Level 1:colcon.colcon_core.package_identification:_identify(build) by extension 'ignore'
[0.385s] Level 1:colcon.colcon_core.package_identification:_identify(build) ignored
[0.386s] Level 1:colcon.colcon_core.package_identification:_identify(install) by extensions ['ignore', 'ignore_ament_install']
[0.386s] Level 1:colcon.colcon_core.package_identification:_identify(install) by extension 'ignore'
[0.386s] Level 1:colcon.colcon_core.package_identification:_identify(install) ignored
[0.386s] Level 1:colcon.colcon_core.package_identification:_identify(log) by extensions ['ignore', 'ignore_ament_install']
[0.386s] Level 1:colcon.colcon_core.package_identification:_identify(log) by extension 'ignore'
[0.386s] Level 1:colcon.colcon_core.package_identification:_identify(log) ignored
[0.386s] Level 1:colcon.colcon_core.package_identification:_identify(src) by extensions ['ignore', 'ignore_ament_install']
[0.386s] Level 1:colcon.colcon_core.package_identification:_identify(src) by extension 'ignore'
[0.386s] Level 1:colcon.colcon_core.package_identification:_identify(src) by extension 'ignore_ament_install'
[0.386s] Level 1:colcon.colcon_core.package_identification:_identify(src) by extensions ['colcon_pkg']
[0.386s] Level 1:colcon.colcon_core.package_identification:_identify(src) by extension 'colcon_pkg'
[0.386s] Level 1:colcon.colcon_core.package_identification:_identify(src) by extensions ['colcon_meta']
[0.386s] Level 1:colcon.colcon_core.package_identification:_identify(src) by extension 'colcon_meta'
[0.386s] Level 1:colcon.colcon_core.package_identification:_identify(src) by extensions ['ros']
[0.386s] Level 1:colcon.colcon_core.package_identification:_identify(src) by extension 'ros'
[0.386s] Level 1:colcon.colcon_core.package_identification:_identify(src) by extensions ['cmake', 'python']
[0.386s] Level 1:colcon.colcon_core.package_identification:_identify(src) by extension 'cmake'
[0.387s] Level 1:colcon.colcon_core.package_identification:_identify(src) by extension 'python'
[0.387s] Level 1:colcon.colcon_core.package_identification:_identify(src) by extensions ['python_setup_py']
[0.387s] Level 1:colcon.colcon_core.package_identification:_identify(src) by extension 'python_setup_py'
[0.387s] Level 1:colcon.colcon_core.package_identification:_identify(src/my_robot_descripction) by extensions ['ignore', 'ignore_ament_install']
[0.387s] Level 1:colcon.colcon_core.package_identification:_identify(src/my_robot_descripction) by extension 'ignore'
[0.387s] Level 1:colcon.colcon_core.package_identification:_identify(src/my_robot_descripction) by extension 'ignore_ament_install'
[0.387s] Level 1:colcon.colcon_core.package_identification:_identify(src/my_robot_descripction) by extensions ['colcon_pkg']
[0.387s] Level 1:colcon.colcon_core.package_identification:_identify(src/my_robot_descripction) by extension 'colcon_pkg'
[0.387s] Level 1:colcon.colcon_core.package_identification:_identify(src/my_robot_descripction) by extensions ['colcon_meta']
[0.387s] Level 1:colcon.colcon_core.package_identification:_identify(src/my_robot_descripction) by extension 'colcon_meta'
[0.387s] Level 1:colcon.colcon_core.package_identification:_identify(src/my_robot_descripction) by extensions ['ros']
[0.387s] Level 1:colcon.colcon_core.package_identification:_identify(src/my_robot_descripction) by extension 'ros'
[0.392s] DEBUG:colcon.colcon_core.package_identification:Package 'src/my_robot_descripction' with type 'ros.ament_python' and name 'my_robot_descripction'
[0.392s] Level 1:colcon.colcon_core.package_identification:_identify(src/robot1_bringup) by extensions ['ignore', 'ignore_ament_install']
[0.392s] Level 1:colcon.colcon_core.package_identification:_identify(src/robot1_bringup) by extension 'ignore'
[0.392s] Level 1:colcon.colcon_core.package_identification:_identify(src/robot1_bringup) by extension 'ignore_ament_install'
[0.393s] Level 1:colcon.colcon_core.package_identification:_identify(src/robot1_bringup) by extensions ['colcon_pkg']
[0.393s] Level 1:colcon.colcon_core.package_identification:_identify(src/robot1_bringup) by extension 'colcon_pkg'
[0.393s] Level 1:colcon.colcon_core.package_identification:_identify(src/robot1_bringup) by extensions ['colcon_meta']
[0.393s] Level 1:colcon.colcon_core.package_identification:_identify(src/robot1_bringup) by extension 'colcon_meta'
[0.393s] Level 1:colcon.colcon_core.package_identification:_identify(src/robot1_bringup) by extensions ['ros']
[0.393s] Level 1:colcon.colcon_core.package_identification:_identify(src/robot1_bringup) by extension 'ros'
[0.394s] DEBUG:colcon.colcon_core.package_identification:Package 'src/robot1_bringup' with type 'ros.ament_python' and name 'robot1_bringup'
[0.394s] Level 1:colcon.colcon_core.package_identification:_identify(src/robot1_controler) by extensions ['ignore', 'ignore_ament_install']
[0.394s] Level 1:colcon.colcon_core.package_identification:_identify(src/robot1_controler) by extension 'ignore'
[0.394s] Level 1:colcon.colcon_core.package_identification:_identify(src/robot1_controler) by extension 'ignore_ament_install'
[0.394s] Level 1:colcon.colcon_core.package_identification:_identify(src/robot1_controler) by extensions ['colcon_pkg']
[0.395s] Level 1:colcon.colcon_core.package_identification:_identify(src/robot1_controler) by extension 'colcon_pkg'
[0.395s] Level 1:colcon.colcon_core.package_identification:_identify(src/robot1_controler) by extensions ['colcon_meta']
[0.395s] Level 1:colcon.colcon_core.package_identification:_identify(src/robot1_controler) by extension 'colcon_meta'
[0.395s] Level 1:colcon.colcon_core.package_identification:_identify(src/robot1_controler) by extensions ['ros']
[0.395s] Level 1:colcon.colcon_core.package_identification:_identify(src/robot1_controler) by extension 'ros'
[0.395s] DEBUG:colcon.colcon_core.package_identification:Package 'src/robot1_controler' with type 'ros.ament_python' and name 'robot1_controler'
[0.395s] Level 1:colcon.colcon_core.package_discovery:discover_packages(recursive) using defaults
[0.395s] Level 1:colcon.colcon_core.package_discovery:discover_packages(ignore) discover
[0.395s] Level 1:colcon.colcon_core.package_discovery:discover_packages(ignore) using defaults
[0.396s] Level 1:colcon.colcon_core.package_discovery:discover_packages(path) discover
[0.396s] Level 1:colcon.colcon_core.package_discovery:discover_packages(path) using defaults
[0.416s] Level 1:colcon.colcon_core.package_discovery:discover_packages(prefix_path) check parameters
[0.416s] Level 1:colcon.colcon_core.package_discovery:discover_packages(prefix_path) discover
[0.422s] DEBUG:colcon.colcon_installed_package_information.package_discovery:Found 432 installed packages in /opt/ros/humble
[0.425s] Level 1:colcon.colcon_core.package_discovery:discover_packages(prefix_path) using defaults
[0.482s] Level 5:colcon.colcon_core.verb:set package 'my_robot_descripction' build argument 'cmake_args' from command line to 'None'
[0.483s] Level 5:colcon.colcon_core.verb:set package 'my_robot_descripction' build argument 'cmake_target' from command line to 'None'
[0.483s] Level 5:colcon.colcon_core.verb:set package 'my_robot_descripction' build argument 'cmake_target_skip_unavailable' from command line to 'False'
[0.483s] Level 5:colcon.colcon_core.verb:set package 'my_robot_descripction' build argument 'cmake_clean_cache' from command line to 'False'
[0.483s] Level 5:colcon.colcon_core.verb:set package 'my_robot_descripction' build argument 'cmake_clean_first' from command line to 'False'
[0.483s] Level 5:colcon.colcon_core.verb:set package 'my_robot_descripction' build argument 'cmake_force_configure' from command line to 'False'
[0.483s] Level 5:colcon.colcon_core.verb:set package 'my_robot_descripction' build argument 'ament_cmake_args' from command line to 'None'
[0.483s] Level 5:colcon.colcon_core.verb:set package 'my_robot_descripction' build argument 'catkin_cmake_args' from command line to 'None'
[0.483s] Level 5:colcon.colcon_core.verb:set package 'my_robot_descripction' build argument 'catkin_skip_building_tests' from command line to 'False'
[0.483s] DEBUG:colcon.colcon_core.verb:Building package 'my_robot_descripction' with the following arguments: {'ament_cmake_args': None, 'build_base': '/home/robousr/Robotica-2026-1/proyecto_Robot1/Robot_1/build/my_robot_descripction', 'catkin_cmake_args': None, 'catkin_skip_building_tests': False, 'cmake_args': None, 'cmake_clean_cache': False, 'cmake_clean_first': False, 'cmake_force_configure': False, 'cmake_target': None, 'cmake_target_skip_unavailable': False, 'install_base': '/home/robousr/Robotica-2026-1/proyecto_Robot1/Robot_1/install/my_robot_descripction', 'merge_install': False, 'path': '/home/robousr/Robotica-2026-1/proyecto_Robot1/Robot_1/src/my_robot_descripction', 'symlink_install': False, 'test_result_base': None}
[0.483s] Level 5:colcon.colcon_core.verb:set package 'robot1_bringup' build argument 'cmake_args' from command line to 'None'
[0.483s] Level 5:colcon.colcon_core.verb:set package 'robot1_bringup' build argument 'cmake_target' from command line to 'None'
[0.483s] Level 5:colcon.colcon_core.verb:set package 'robot1_bringup' build argument 'cmake_target_skip_unavailable' from command line to 'False'
[0.483s] Level 5:colcon.colcon_core.verb:set package 'robot1_bringup' build argument 'cmake_clean_cache' from command line to 'False'
[0.483s] Level 5:colcon.colcon_core.verb:set package 'robot1_bringup' build argument 'cmake_clean_first' from command line to 'False'
[0.483s] Level 5:colcon.colcon_core.verb:set package 'robot1_bringup' build argument 'cmake_force_configure' from command line to 'False'
[0.483s] Level 5:colcon.colcon_core.verb:set package 'robot1_bringup' build argument 'ament_cmake_args' from command line to 'None'
[0.483s] Level 5:colcon.colcon_core.verb:set package 'robot1_bringup' build argument 'catkin_cmake_args' from command line to 'None'
[0.483s] Level 5:colcon.colcon_core.verb:set package 'robot1_bringup' build argument 'catkin_skip_building_tests' from command line to 'False'
[0.483s] DEBUG:colcon.colcon_core.verb:Building package 'robot1_bringup' with the following arguments: {'ament_cmake_args': None, 'build_base': '/home/robousr/Robotica-2026-1/proyecto_Robot1/Robot_1/build/robot1_bringup', 'catkin_cmake_args': None, 'catkin_skip_building_tests': False, 'cmake_args': None, 'cmake_clean_cache': False, 'cmake_clean_first': False, 'cmake_force_configure': False, 'cmake_target': None, 'cmake_target_skip_unavailable': False, 'install_base': '/home/robousr/Robotica-2026-1/proyecto_Robot1/Robot_1/install/robot1_bringup', 'merge_install': False, 'path': '/home/robousr/Robotica-2026-1/proyecto_Robot1/Robot_1/src/robot1_bringup', 'symlink_install': False, 'test_result_base': None}
[0.484s] Level 5:colcon.colcon_core.verb:set package 'robot1_controler' build argument 'cmake_args' from command line to 'None'
[0.484s] Level 5:colcon.colcon_core.verb:set package 'robot1_controler' build argument 'cmake_target' from command line to 'None'
[0.484s] Level 5:colcon.colcon_core.verb:set package 'robot1_controler' build argument 'cmake_target_skip_unavailable' from command line to 'False'
[0.484s] Level 5:colcon.colcon_core.verb:set package 'robot1_controler' build argument 'cmake_clean_cache' from command line to 'False'
[0.484s] Level 5:colcon.colcon_core.verb:set package 'robot1_controler' build argument 'cmake_clean_first' from command line to 'False'
[0.484s] Level 5:colcon.colcon_core.verb:set package 'robot1_controler' build argument 'cmake_force_configure' from command line to 'False'
[0.484s] Level 5:colcon.colcon_core.verb:set package 'robot1_controler' build argument 'ament_cmake_args' from command line to 'None'
[0.484s] Level 5:colcon.colcon_core.verb:set package 'robot1_controler' build argument 'catkin_cmake_args' from command line to 'None'
[0.484s] Level 5:colcon.colcon_core.verb:set package 'robot1_controler' build argument 'catkin_skip_building_tests' from command line to 'False'
[0.484s] DEBUG:colcon.colcon_core.verb:Building package 'robot1_controler' with the following arguments: {'ament_cmake_args': None, 'build_base': '/home/robousr/Robotica-2026-1/proyecto_Robot1/Robot_1/build/robot1_controler', 'catkin_cmake_args': None, 'catkin_skip_building_tests': False, 'cmake_args': None, 'cmake_clean_cache': False, 'cmake_clean_first': False, 'cmake_force_configure': False, 'cmake_target': None, 'cmake_target_skip_unavailable': False, 'install_base': '/home/robousr/Robotica-2026-1/proyecto_Robot1/Robot_1/install/robot1_controler', 'merge_install': False, 'path': '/home/robousr/Robotica-2026-1/proyecto_Robot1/Robot_1/src/robot1_controler', 'symlink_install': False, 'test_result_base': None}
[0.484s] INFO:colcon.colcon_core.executor:Executing jobs using 'parallel' executor
[0.485s] DEBUG:colcon.colcon_parallel_executor.executor.parallel:run_until_complete
[0.485s] INFO:colcon.colcon_ros.task.ament_python.build:Building ROS package in '/home/robousr/Robotica-2026-1/proyecto_Robot1/Robot_1/src/my_robot_descripction' with build type 'ament_python'
[0.486s] Level 1:colcon.colcon_core.shell:create_environment_hook('my_robot_descripction', 'ament_prefix_path')
[0.492s] INFO:colcon.colcon_core.plugin_system:Skipping extension 'colcon_core.shell.bat': Not used on non-Windows systems
[0.493s] INFO:colcon.colcon_core.shell:Creating environment hook '/home/robousr/Robotica-2026-1/proyecto_Robot1/Robot_1/install/my_robot_descripction/share/my_robot_descripction/hook/ament_prefix_path.ps1'
[0.494s] INFO:colcon.colcon_core.shell:Creating environment descriptor '/home/robousr/Robotica-2026-1/proyecto_Robot1/Robot_1/install/my_robot_descripction/share/my_robot_descripction/hook/ament_prefix_path.dsv'
[0.495s] INFO:colcon.colcon_core.shell:Creating environment hook '/home/robousr/Robotica-2026-1/proyecto_Robot1/Robot_1/install/my_robot_descripction/share/my_robot_descripction/hook/ament_prefix_path.sh'
[0.498s] INFO:colcon.colcon_core.shell:Skip shell extension 'powershell' for command environment: Not usable outside of PowerShell
[0.498s] DEBUG:colcon.colcon_core.shell:Skip shell extension 'dsv' for command environment
[0.502s] INFO:colcon.colcon_ros.task.ament_python.build:Building ROS package in '/home/robousr/Robotica-2026-1/proyecto_Robot1/Robot_1/src/robot1_bringup' with build type 'ament_python'
[0.503s] Level 1:colcon.colcon_core.shell:create_environment_hook('robot1_bringup', 'ament_prefix_path')
[0.503s] INFO:colcon.colcon_core.shell:Creating environment hook '/home/robousr/Robotica-2026-1/proyecto_Robot1/Robot_1/install/robot1_bringup/share/robot1_bringup/hook/ament_prefix_path.ps1'
[0.504s] INFO:colcon.colcon_core.shell:Creating environment descriptor '/home/robousr/Robotica-2026-1/proyecto_Robot1/Robot_1/install/robot1_bringup/share/robot1_bringup/hook/ament_prefix_path.dsv'
[0.504s] INFO:colcon.colcon_core.shell:Creating environment hook '/home/robousr/Robotica-2026-1/proyecto_Robot1/Robot_1/install/robot1_bringup/share/robot1_bringup/hook/ament_prefix_path.sh'
[0.505s] INFO:colcon.colcon_core.shell:Skip shell extension 'powershell' for command environment: Not usable outside of PowerShell
[0.505s] DEBUG:colcon.colcon_core.shell:Skip shell extension 'dsv' for command environment
[0.508s] INFO:colcon.colcon_ros.task.ament_python.build:Building ROS package in '/home/robousr/Robotica-2026-1/proyecto_Robot1/Robot_1/src/robot1_controler' with build type 'ament_python'
[0.509s] Level 1:colcon.colcon_core.shell:create_environment_hook('robot1_controler', 'ament_prefix_path')
[0.509s] INFO:colcon.colcon_core.shell:Creating environment hook '/home/robousr/Robotica-2026-1/proyecto_Robot1/Robot_1/install/robot1_controler/share/robot1_controler/hook/ament_prefix_path.ps1'
[0.510s] INFO:colcon.colcon_core.shell:Creating environment descriptor '/home/robousr/Robotica-2026-1/proyecto_Robot1/Robot_1/install/robot1_controler/share/robot1_controler/hook/ament_prefix_path.dsv'
[0.510s] INFO:colcon.colcon_core.shell:Creating environment hook '/home/robousr/Robotica-2026-1/proyecto_Robot1/Robot_1/install/robot1_controler/share/robot1_controler/hook/ament_prefix_path.sh'
[0.511s] INFO:colcon.colcon_core.shell:Skip shell extension 'powershell' for command environment: Not usable outside of PowerShell
[0.511s] DEBUG:colcon.colcon_core.shell:Skip shell extension 'dsv' for command environment
[0.863s] INFO:colcon.colcon_core.task.python.build:Building Python package in '/home/robousr/Robotica-2026-1/proyecto_Robot1/Robot_1/src/my_robot_descripction'
[0.863s] INFO:colcon.colcon_core.shell:Skip shell extension 'powershell' for command environment: Not usable outside of PowerShell
[0.863s] DEBUG:colcon.colcon_core.shell:Skip shell extension 'dsv' for command environment
[1.186s] INFO:colcon.colcon_core.task.python.build:Building Python package in '/home/robousr/Robotica-2026-1/proyecto_Robot1/Robot_1/src/robot1_bringup'
[1.187s] INFO:colcon.colcon_core.shell:Skip shell extension 'powershell' for command environment: Not usable outside of PowerShell
[1.187s] DEBUG:colcon.colcon_core.shell:Skip shell extension 'dsv' for command environment
[1.504s] INFO:colcon.colcon_core.task.python.build:Building Python package in '/home/robousr/Robotica-2026-1/proyecto_Robot1/Robot_1/src/robot1_controler'
[1.504s] INFO:colcon.colcon_core.shell:Skip shell extension 'powershell' for command environment: Not usable outside of PowerShell
[1.504s] DEBUG:colcon.colcon_core.shell:Skip shell extension 'dsv' for command environment
[2.195s] DEBUG:colcon.colcon_core.event_handler.log_command:Invoking command in '/home/robousr/Robotica-2026-1/proyecto_Robot1/Robot_1/src/robot1_controler': PYTHONPATH=/home/robousr/Robotica-2026-1/proyecto_Robot1/Robot_1/build/robot1_controler/prefix_override:/usr/lib/python3/dist-packages/colcon_core/task/python/colcon_distutils_commands:/home/robousr/Robotica-2026-1/proyecto_Robot1/Robot_1/install/robot1_controler/lib/python3.10/site-packages:${PYTHONPATH} /usr/bin/python3 -W ignore:setup.py install is deprecated -W ignore:easy_install command is deprecated setup.py egg_info --egg-base ../../build/robot1_controler build --build-base /home/robousr/Robotica-2026-1/proyecto_Robot1/Robot_1/build/robot1_controler/build install --record /home/robousr/Robotica-2026-1/proyecto_Robot1/Robot_1/build/robot1_controler/install.log --single-version-externally-managed install_data
[2.233s] DEBUG:colcon.colcon_core.event_handler.log_command:Invoking command in '/home/robousr/Robotica-2026-1/proyecto_Robot1/Robot_1/src/robot1_bringup': PYTHONPATH=/home/robousr/Robotica-2026-1/proyecto_Robot1/Robot_1/build/robot1_bringup/prefix_override:/usr/lib/python3/dist-packages/colcon_core/task/python/colcon_distutils_commands:/home/robousr/Robotica-2026-1/proyecto_Robot1/Robot_1/install/robot1_bringup/lib/python3.10/site-packages:${PYTHONPATH} /usr/bin/python3 -W ignore:setup.py install is deprecated -W ignore:easy_install command is deprecated setup.py egg_info --egg-base ../../build/robot1_bringup build --build-base /home/robousr/Robotica-2026-1/proyecto_Robot1/Robot_1/build/robot1_bringup/build install --record /home/robousr/Robotica-2026-1/proyecto_Robot1/Robot_1/build/robot1_bringup/install.log --single-version-externally-managed install_data
[2.239s] DEBUG:colcon.colcon_core.event_handler.log_command:Invoking command in '/home/robousr/Robotica-2026-1/proyecto_Robot1/Robot_1/src/my_robot_descripction': PYTHONPATH=/home/robousr/Robotica-2026-1/proyecto_Robot1/Robot_1/build/my_robot_descripction/prefix_override:/usr/lib/python3/dist-packages/colcon_core/task/python/colcon_distutils_commands:/home/robousr/Robotica-2026-1/proyecto_Robot1/Robot_1/install/my_robot_descripction/lib/python3.10/site-packages:${PYTHONPATH} /usr/bin/python3 -W ignore:setup.py install is deprecated -W ignore:easy_install command is deprecated setup.py egg_info --egg-base ../../build/my_robot_descripction build --build-base /home/robousr/Robotica-2026-1/proyecto_Robot1/Robot_1/build/my_robot_descripction/build install --record /home/robousr/Robotica-2026-1/proyecto_Robot1/Robot_1/build/my_robot_descripction/install.log --single-version-externally-managed install_data
[2.678s] DEBUG:colcon.colcon_core.event_handler.log_command:Invoked command in '/home/robousr/Robotica-2026-1/proyecto_Robot1/Robot_1/src/robot1_bringup' returned '0': PYTHONPATH=/home/robousr/Robotica-2026-1/proyecto_Robot1/Robot_1/build/robot1_bringup/prefix_override:/usr/lib/python3/dist-packages/colcon_core/task/python/colcon_distutils_commands:/home/robousr/Robotica-2026-1/proyecto_Robot1/Robot_1/install/robot1_bringup/lib/python3.10/site-packages:${PYTHONPATH} /usr/bin/python3 -W ignore:setup.py install is deprecated -W ignore:easy_install command is deprecated setup.py egg_info --egg-base ../../build/robot1_bringup build --build-base /home/robousr/Robotica-2026-1/proyecto_Robot1/Robot_1/build/robot1_bringup/build install --record /home/robousr/Robotica-2026-1/proyecto_Robot1/Robot_1/build/robot1_bringup/install.log --single-version-externally-managed install_data
[2.687s] Level 1:colcon.colcon_core.environment:checking '/home/robousr/Robotica-2026-1/proyecto_Robot1/Robot_1/install/robot1_bringup' for CMake module files
[2.688s] Level 1:colcon.colcon_core.environment:checking '/home/robousr/Robotica-2026-1/proyecto_Robot1/Robot_1/install/robot1_bringup' for CMake config files
[2.689s] Level 1:colcon.colcon_core.environment:checking '/home/robousr/Robotica-2026-1/proyecto_Robot1/Robot_1/install/robot1_bringup/lib'
[2.689s] Level 1:colcon.colcon_core.environment:checking '/home/robousr/Robotica-2026-1/proyecto_Robot1/Robot_1/install/robot1_bringup/bin'
[2.689s] Level 1:colcon.colcon_core.environment:checking '/home/robousr/Robotica-2026-1/proyecto_Robot1/Robot_1/install/robot1_bringup/lib/pkgconfig/robot1_bringup.pc'
[2.690s] Level 1:colcon.colcon_core.environment:checking '/home/robousr/Robotica-2026-1/proyecto_Robot1/Robot_1/install/robot1_bringup/lib/python3.10/site-packages'
[2.690s] Level 1:colcon.colcon_core.shell:create_environment_hook('robot1_bringup', 'pythonpath')
[2.691s] INFO:colcon.colcon_core.shell:Creating environment hook '/home/robousr/Robotica-2026-1/proyecto_Robot1/Robot_1/install/robot1_bringup/share/robot1_bringup/hook/pythonpath.ps1'
[2.691s] INFO:colcon.colcon_core.shell:Creating environment descriptor '/home/robousr/Robotica-2026-1/proyecto_Robot1/Robot_1/install/robot1_bringup/share/robot1_bringup/hook/pythonpath.dsv'
[2.693s] INFO:colcon.colcon_core.shell:Creating environment hook '/home/robousr/Robotica-2026-1/proyecto_Robot1/Robot_1/install/robot1_bringup/share/robot1_bringup/hook/pythonpath.sh'
[2.694s] Level 1:colcon.colcon_core.environment:checking '/home/robousr/Robotica-2026-1/proyecto_Robot1/Robot_1/install/robot1_bringup/bin'
[2.694s] Level 1:colcon.colcon_core.environment:create_environment_scripts_only(robot1_bringup)
[2.695s] INFO:colcon.colcon_core.shell:Creating package script '/home/robousr/Robotica-2026-1/proyecto_Robot1/Robot_1/install/robot1_bringup/share/robot1_bringup/package.ps1'
[2.697s] INFO:colcon.colcon_core.shell:Creating package descriptor '/home/robousr/Robotica-2026-1/proyecto_Robot1/Robot_1/install/robot1_bringup/share/robot1_bringup/package.dsv'
[2.698s] INFO:colcon.colcon_core.shell:Creating package script '/home/robousr/Robotica-2026-1/proyecto_Robot1/Robot_1/install/robot1_bringup/share/robot1_bringup/package.sh'
[2.700s] INFO:colcon.colcon_core.shell:Creating package script '/home/robousr/Robotica-2026-1/proyecto_Robot1/Robot_1/install/robot1_bringup/share/robot1_bringup/package.bash'
[2.702s] INFO:colcon.colcon_core.shell:Creating package script '/home/robousr/Robotica-2026-1/proyecto_Robot1/Robot_1/install/robot1_bringup/share/robot1_bringup/package.zsh'
[2.704s] Level 1:colcon.colcon_core.environment:create_file_with_runtime_dependencies(/home/robousr/Robotica-2026-1/proyecto_Robot1/Robot_1/install/robot1_bringup/share/colcon-core/packages/robot1_bringup)
[2.769s] Level 1:colcon.colcon_core.environment:checking '/home/robousr/Robotica-2026-1/proyecto_Robot1/Robot_1/install/my_robot_descripction' for CMake module files
[2.770s] DEBUG:colcon.colcon_core.event_handler.log_command:Invoked command in '/home/robousr/Robotica-2026-1/proyecto_Robot1/Robot_1/src/my_robot_descripction' returned '0': PYTHONPATH=/home/robousr/Robotica-2026-1/proyecto_Robot1/Robot_1/build/my_robot_descripction/prefix_override:/usr/lib/python3/dist-packages/colcon_core/task/python/colcon_distutils_commands:/home/robousr/Robotica-2026-1/proyecto_Robot1/Robot_1/install/my_robot_descripction/lib/python3.10/site-packages:${PYTHONPATH} /usr/bin/python3 -W ignore:setup.py install is deprecated -W ignore:easy_install command is deprecated setup.py egg_info --egg-base ../../build/my_robot_descripction build --build-base /home/robousr/Robotica-2026-1/proyecto_Robot1/Robot_1/build/my_robot_descripction/build install --record /home/robousr/Robotica-2026-1/proyecto_Robot1/Robot_1/build/my_robot_descripction/install.log --single-version-externally-managed install_data
[2.770s] Level 1:colcon.colcon_core.environment:checking '/home/robousr/Robotica-2026-1/proyecto_Robot1/Robot_1/install/my_robot_descripction' for CMake config files
[2.770s] Level 1:colcon.colcon_core.environment:checking '/home/robousr/Robotica-2026-1/proyecto_Robot1/Robot_1/install/my_robot_descripction/lib'
[2.771s] Level 1:colcon.colcon_core.environment:checking '/home/robousr/Robotica-2026-1/proyecto_Robot1/Robot_1/install/my_robot_descripction/bin'
[2.771s] Level 1:colcon.colcon_core.environment:checking '/home/robousr/Robotica-2026-1/proyecto_Robot1/Robot_1/install/my_robot_descripction/lib/pkgconfig/my_robot_descripction.pc'
[2.771s] Level 1:colcon.colcon_core.environment:checking '/home/robousr/Robotica-2026-1/proyecto_Robot1/Robot_1/install/my_robot_descripction/lib/python3.10/site-packages'
[2.771s] Level 1:colcon.colcon_core.shell:create_environment_hook('my_robot_descripction', 'pythonpath')
[2.771s] INFO:colcon.colcon_core.shell:Creating environment hook '/home/robousr/Robotica-2026-1/proyecto_Robot1/Robot_1/install/my_robot_descripction/share/my_robot_descripction/hook/pythonpath.ps1'
[2.772s] INFO:colcon.colcon_core.shell:Creating environment descriptor '/home/robousr/Robotica-2026-1/proyecto_Robot1/Robot_1/install/my_robot_descripction/share/my_robot_descripction/hook/pythonpath.dsv'
[2.772s] INFO:colcon.colcon_core.shell:Creating environment hook '/home/robousr/Robotica-2026-1/proyecto_Robot1/Robot_1/install/my_robot_descripction/share/my_robot_descripction/hook/pythonpath.sh'
[2.773s] Level 1:colcon.colcon_core.environment:checking '/home/robousr/Robotica-2026-1/proyecto_Robot1/Robot_1/install/my_robot_descripction/bin'
[2.773s] Level 1:colcon.colcon_core.environment:create_environment_scripts_only(my_robot_descripction)
[2.773s] INFO:colcon.colcon_core.shell:Creating package script '/home/robousr/Robotica-2026-1/proyecto_Robot1/Robot_1/install/my_robot_descripction/share/my_robot_descripction/package.ps1'
[2.774s] INFO:colcon.colcon_core.shell:Creating package descriptor '/home/robousr/Robotica-2026-1/proyecto_Robot1/Robot_1/install/my_robot_descripction/share/my_robot_descripction/package.dsv'
[2.774s] INFO:colcon.colcon_core.shell:Creating package script '/home/robousr/Robotica-2026-1/proyecto_Robot1/Robot_1/install/my_robot_descripction/share/my_robot_descripction/package.sh'
[2.775s] INFO:colcon.colcon_core.shell:Creating package script '/home/robousr/Robotica-2026-1/proyecto_Robot1/Robot_1/install/my_robot_descripction/share/my_robot_descripction/package.bash'
[2.775s] INFO:colcon.colcon_core.shell:Creating package script '/home/robousr/Robotica-2026-1/proyecto_Robot1/Robot_1/install/my_robot_descripction/share/my_robot_descripction/package.zsh'
[2.775s] Level 1:colcon.colcon_core.environment:create_file_with_runtime_dependencies(/home/robousr/Robotica-2026-1/proyecto_Robot1/Robot_1/install/my_robot_descripction/share/colcon-core/packages/my_robot_descripction)
[2.801s] Level 1:colcon.colcon_core.environment:checking '/home/robousr/Robotica-2026-1/proyecto_Robot1/Robot_1/install/robot1_controler' for CMake module files
[2.801s] DEBUG:colcon.colcon_core.event_handler.log_command:Invoked command in '/home/robousr/Robotica-2026-1/proyecto_Robot1/Robot_1/src/robot1_controler' returned '0': PYTHONPATH=/home/robousr/Robotica-2026-1/proyecto_Robot1/Robot_1/build/robot1_controler/prefix_override:/usr/lib/python3/dist-packages/colcon_core/task/python/colcon_distutils_commands:/home/robousr/Robotica-2026-1/proyecto_Robot1/Robot_1/install/robot1_controler/lib/python3.10/site-packages:${PYTHONPATH} /usr/bin/python3 -W ignore:setup.py install is deprecated -W ignore:easy_install command is deprecated setup.py egg_info --egg-base ../../build/robot1_controler build --build-base /home/robousr/Robotica-2026-1/proyecto_Robot1/Robot_1/build/robot1_controler/build install --record /home/robousr/Robotica-2026-1/proyecto_Robot1/Robot_1/build/robot1_controler/install.log --single-version-externally-managed install_data
[2.802s] Level 1:colcon.colcon_core.environment:checking '/home/robousr/Robotica-2026-1/proyecto_Robot1/Robot_1/install/robot1_controler' for CMake config files
[2.803s] Level 1:colcon.colcon_core.environment:checking '/home/robousr/Robotica-2026-1/proyecto_Robot1/Robot_1/install/robot1_controler/lib'
[2.803s] Level 1:colcon.colcon_core.environment:checking '/home/robousr/Robotica-2026-1/proyecto_Robot1/Robot_1/install/robot1_controler/bin'
[2.803s] Level 1:colcon.colcon_core.environment:checking '/home/robousr/Robotica-2026-1/proyecto_Robot1/Robot_1/install/robot1_controler/lib/pkgconfig/robot1_controler.pc'
[2.803s] Level 1:colcon.colcon_core.environment:checking '/home/robousr/Robotica-2026-1/proyecto_Robot1/Robot_1/install/robot1_controler/lib/python3.10/site-packages'
[2.803s] Level 1:colcon.colcon_core.shell:create_environment_hook('robot1_controler', 'pythonpath')
[2.804s] INFO:colcon.colcon_core.shell:Creating environment hook '/home/robousr/Robotica-2026-1/proyecto_Robot1/Robot_1/install/robot1_controler/share/robot1_controler/hook/pythonpath.ps1'
[2.804s] INFO:colcon.colcon_core.shell:Creating environment descriptor '/home/robousr/Robotica-2026-1/proyecto_Robot1/Robot_1/install/robot1_controler/share/robot1_controler/hook/pythonpath.dsv'
[2.805s] INFO:colcon.colcon_core.shell:Creating environment hook '/home/robousr/Robotica-2026-1/proyecto_Robot1/Robot_1/install/robot1_controler/share/robot1_controler/hook/pythonpath.sh'
[2.806s] Level 1:colcon.colcon_core.environment:checking '/home/robousr/Robotica-2026-1/proyecto_Robot1/Robot_1/install/robot1_controler/bin'
[2.806s] Level 1:colcon.colcon_core.environment:create_environment_scripts_only(robot1_controler)
[2.807s] INFO:colcon.colcon_core.shell:Creating package script '/home/robousr/Robotica-2026-1/proyecto_Robot1/Robot_1/install/robot1_controler/share/robot1_controler/package.ps1'
[2.808s] INFO:colcon.colcon_core.shell:Creating package descriptor '/home/robousr/Robotica-2026-1/proyecto_Robot1/Robot_1/install/robot1_controler/share/robot1_controler/package.dsv'
[2.809s] INFO:colcon.colcon_core.shell:Creating package script '/home/robousr/Robotica-2026-1/proyecto_Robot1/Robot_1/install/robot1_controler/share/robot1_controler/package.sh'
[2.811s] INFO:colcon.colcon_core.shell:Creating package script '/home/robousr/Robotica-2026-1/proyecto_Robot1/Robot_1/install/robot1_controler/share/robot1_controler/package.bash'
[2.812s] INFO:colcon.colcon_core.shell:Creating package script '/home/robousr/Robotica-2026-1/proyecto_Robot1/Robot_1/install/robot1_controler/share/robot1_controler/package.zsh'
[2.813s] Level 1:colcon.colcon_core.environment:create_file_with_runtime_dependencies(/home/robousr/Robotica-2026-1/proyecto_Robot1/Robot_1/install/robot1_controler/share/colcon-core/packages/robot1_controler)
[2.813s] DEBUG:colcon.colcon_parallel_executor.executor.parallel:closing loop
[2.814s] DEBUG:colcon.colcon_parallel_executor.executor.parallel:loop closed
[2.814s] DEBUG:colcon.colcon_parallel_executor.executor.parallel:run_until_complete finished with '0'
[2.814s] DEBUG:colcon.colcon_core.event_reactor:joining thread
[2.822s] INFO:colcon.colcon_core.plugin_system:Skipping extension 'colcon_notification.desktop_notification.terminal_notifier': Not used on non-Darwin systems
[2.822s] INFO:colcon.colcon_core.plugin_system:Skipping extension 'colcon_notification.desktop_notification.win32': Not used on non-Windows systems
[2.822s] INFO:colcon.colcon_notification.desktop_notification:Sending desktop notification using 'notify2'
[2.836s] DEBUG:colcon.colcon_core.event_reactor:joined thread
[2.837s] INFO:colcon.colcon_core.shell:Creating prefix script '/home/robousr/Robotica-2026-1/proyecto_Robot1/Robot_1/install/local_setup.ps1'
[2.839s] INFO:colcon.colcon_core.shell:Creating prefix util module '/home/robousr/Robotica-2026-1/proyecto_Robot1/Robot_1/install/_local_setup_util_ps1.py'
[2.841s] INFO:colcon.colcon_core.shell:Creating prefix chain script '/home/robousr/Robotica-2026-1/proyecto_Robot1/Robot_1/install/setup.ps1'
[2.843s] INFO:colcon.colcon_core.shell:Creating prefix script '/home/robousr/Robotica-2026-1/proyecto_Robot1/Robot_1/install/local_setup.sh'
[2.844s] INFO:colcon.colcon_core.shell:Creating prefix util module '/home/robousr/Robotica-2026-1/proyecto_Robot1/Robot_1/install/_local_setup_util_sh.py'
[2.845s] INFO:colcon.colcon_core.shell:Creating prefix chain script '/home/robousr/Robotica-2026-1/proyecto_Robot1/Robot_1/install/setup.sh'
[2.847s] INFO:colcon.colcon_core.shell:Creating prefix script '/home/robousr/Robotica-2026-1/proyecto_Robot1/Robot_1/install/local_setup.bash'
[2.849s] INFO:colcon.colcon_core.shell:Creating prefix chain script '/home/robousr/Robotica-2026-1/proyecto_Robot1/Robot_1/install/setup.bash'
[2.850s] INFO:colcon.colcon_core.shell:Creating prefix script '/home/robousr/Robotica-2026-1/proyecto_Robot1/Robot_1/install/local_setup.zsh'
[2.852s] INFO:colcon.colcon_core.shell:Creating prefix chain script '/home/robousr/Robotica-2026-1/proyecto_Robot1/Robot_1/install/setup.zsh'
