[1.686s] Invoking command in '/home/robousr/Robotica-2026-1/proyecto_Robot1/Robot_1/src/robot1_controler': PYTHONPATH=/home/robousr/Robotica-2026-1/proyecto_Robot1/Robot_1/build/robot1_controler/prefix_override:/usr/lib/python3/dist-packages/colcon_core/task/python/colcon_distutils_commands:/home/robousr/Robotica-2026-1/proyecto_Robot1/Robot_1/install/robot1_controler/lib/python3.10/site-packages:${PYTHONPATH} /usr/bin/python3 -W ignore:setup.py install is deprecated -W ignore:easy_install command is deprecated setup.py egg_info --egg-base ../../build/robot1_controler build --build-base /home/robousr/Robotica-2026-1/proyecto_Robot1/Robot_1/build/robot1_controler/build install --record /home/robousr/Robotica-2026-1/proyecto_Robot1/Robot_1/build/robot1_controler/install.log --single-version-externally-managed install_data
[2.209s] running egg_info
[2.210s] writing ../../build/robot1_controler/robot1_controler.egg-info/PKG-INFO
[2.210s] writing dependency_links to ../../build/robot1_controler/robot1_controler.egg-info/dependency_links.txt
[2.210s] writing entry points to ../../build/robot1_controler/robot1_controler.egg-info/entry_points.txt
[2.211s] writing requirements to ../../build/robot1_controler/robot1_controler.egg-info/requires.txt
[2.211s] writing top-level names to ../../build/robot1_controler/robot1_controler.egg-info/top_level.txt
[2.215s] reading manifest file '../../build/robot1_controler/robot1_controler.egg-info/SOURCES.txt'
[2.216s] writing manifest file '../../build/robot1_controler/robot1_controler.egg-info/SOURCES.txt'
[2.217s] running build
[2.217s] running build_py
[2.217s] running install
[2.218s] running install_lib
[2.220s] running install_data
[2.220s] running install_egg_info
[2.223s] removing '/home/robousr/Robotica-2026-1/proyecto_Robot1/Robot_1/install/robot1_controler/lib/python3.10/site-packages/robot1_controler-0.0.0-py3.10.egg-info' (and everything under it)
[2.224s] Copying ../../build/robot1_controler/robot1_controler.egg-info to /home/robousr/Robotica-2026-1/proyecto_Robot1/Robot_1/install/robot1_controler/lib/python3.10/site-packages/robot1_controler-0.0.0-py3.10.egg-info
[2.225s] running install_scripts
[2.248s] Installing controller_manager script to /home/robousr/Robotica-2026-1/proyecto_Robot1/Robot_1/install/robot1_controler/lib/robot1_controler
[2.249s] Installing hardware_interface script to /home/robousr/Robotica-2026-1/proyecto_Robot1/Robot_1/install/robot1_controler/lib/robot1_controler
[2.249s] Installing manipulator_controller script to /home/robousr/Robotica-2026-1/proyecto_Robot1/Robot_1/install/robot1_controler/lib/robot1_controler
[2.249s] writing list of installed files to '/home/robousr/Robotica-2026-1/proyecto_Robot1/Robot_1/build/robot1_controler/install.log'
[2.292s] Invoked command in '/home/robousr/Robotica-2026-1/proyecto_Robot1/Robot_1/src/robot1_controler' returned '0': PYTHONPATH=/home/robousr/Robotica-2026-1/proyecto_Robot1/Robot_1/build/robot1_controler/prefix_override:/usr/lib/python3/dist-packages/colcon_core/task/python/colcon_distutils_commands:/home/robousr/Robotica-2026-1/proyecto_Robot1/Robot_1/install/robot1_controler/lib/python3.10/site-packages:${PYTHONPATH} /usr/bin/python3 -W ignore:setup.py install is deprecated -W ignore:easy_install command is deprecated setup.py egg_info --egg-base ../../build/robot1_controler build --build-base /home/robousr/Robotica-2026-1/proyecto_Robot1/Robot_1/build/robot1_controler/build install --record /home/robousr/Robotica-2026-1/proyecto_Robot1/Robot_1/build/robot1_controler/install.log --single-version-externally-managed install_data
