[1.560s] Invoking command in '/home/robousr/Robotica-2026-1/proyecto_Robot1/Robot_1/src/robot1_bringup': PYTHONPATH=/home/robousr/Robotica-2026-1/proyecto_Robot1/Robot_1/build/robot1_bringup/prefix_override:/usr/lib/python3/dist-packages/colcon_core/task/python/colcon_distutils_commands:/home/robousr/Robotica-2026-1/proyecto_Robot1/Robot_1/install/robot1_bringup/lib/python3.10/site-packages:${PYTHONPATH} /usr/bin/python3 -W ignore:setup.py install is deprecated -W ignore:easy_install command is deprecated setup.py egg_info --egg-base ../../build/robot1_bringup build --build-base /home/robousr/Robotica-2026-1/proyecto_Robot1/Robot_1/build/robot1_bringup/build install --record /home/robousr/Robotica-2026-1/proyecto_Robot1/Robot_1/build/robot1_bringup/install.log --single-version-externally-managed install_data
[1.986s] running egg_info
[1.986s] writing ../../build/robot1_bringup/robot1_bringup.egg-info/PKG-INFO
[1.987s] writing dependency_links to ../../build/robot1_bringup/robot1_bringup.egg-info/dependency_links.txt
[1.987s] writing entry points to ../../build/robot1_bringup/robot1_bringup.egg-info/entry_points.txt
[1.987s] writing requirements to ../../build/robot1_bringup/robot1_bringup.egg-info/requires.txt
[1.987s] writing top-level names to ../../build/robot1_bringup/robot1_bringup.egg-info/top_level.txt
[1.990s] reading manifest file '../../build/robot1_bringup/robot1_bringup.egg-info/SOURCES.txt'
[1.991s] writing manifest file '../../build/robot1_bringup/robot1_bringup.egg-info/SOURCES.txt'
[1.991s] running build
[1.991s] running build_py
[1.991s] running install
[1.991s] running install_lib
[1.993s] running install_data
[1.993s] running install_egg_info
[1.995s] removing '/home/robousr/Robotica-2026-1/proyecto_Robot1/Robot_1/install/robot1_bringup/lib/python3.10/site-packages/robot1_bringup-0.0.0-py3.10.egg-info' (and everything under it)
[1.996s] Copying ../../build/robot1_bringup/robot1_bringup.egg-info to /home/robousr/Robotica-2026-1/proyecto_Robot1/Robot_1/install/robot1_bringup/lib/python3.10/site-packages/robot1_bringup-0.0.0-py3.10.egg-info
[1.997s] running install_scripts
[2.027s] writing list of installed files to '/home/robousr/Robotica-2026-1/proyecto_Robot1/Robot_1/build/robot1_bringup/install.log'
[2.065s] Invoked command in '/home/robousr/Robotica-2026-1/proyecto_Robot1/Robot_1/src/robot1_bringup' returned '0': PYTHONPATH=/home/robousr/Robotica-2026-1/proyecto_Robot1/Robot_1/build/robot1_bringup/prefix_override:/usr/lib/python3/dist-packages/colcon_core/task/python/colcon_distutils_commands:/home/robousr/Robotica-2026-1/proyecto_Robot1/Robot_1/install/robot1_bringup/lib/python3.10/site-packages:${PYTHONPATH} /usr/bin/python3 -W ignore:setup.py install is deprecated -W ignore:easy_install command is deprecated setup.py egg_info --egg-base ../../build/robot1_bringup build --build-base /home/robousr/Robotica-2026-1/proyecto_Robot1/Robot_1/build/robot1_bringup/build install --record /home/robousr/Robotica-2026-1/proyecto_Robot1/Robot_1/build/robot1_bringup/install.log --single-version-externally-managed install_data
