[1.425s] Invoking command in '/home/robousr/Robotica-2026-1/robot_xyz_ws/src/robot_xyz_bringup': PYTHONPATH=/home/robousr/Robotica-2026-1/robot_xyz_ws/build/robot_xyz_bringup/prefix_override:/usr/lib/python3/dist-packages/colcon_core/task/python/colcon_distutils_commands:/home/robousr/Robotica-2026-1/robot_xyz_ws/install/robot_xyz_bringup/lib/python3.10/site-packages:${PYTHONPATH} /usr/bin/python3 -W ignore:setup.py install is deprecated -W ignore:easy_install command is deprecated setup.py egg_info --egg-base ../../build/robot_xyz_bringup build --build-base /home/robousr/Robotica-2026-1/robot_xyz_ws/build/robot_xyz_bringup/build install --record /home/robousr/Robotica-2026-1/robot_xyz_ws/build/robot_xyz_bringup/install.log --single-version-externally-managed install_data
[1.737s] running egg_info
[1.738s] writing ../../build/robot_xyz_bringup/robot_xyz_bringup.egg-info/PKG-INFO
[1.738s] writing dependency_links to ../../build/robot_xyz_bringup/robot_xyz_bringup.egg-info/dependency_links.txt
[1.739s] writing entry points to ../../build/robot_xyz_bringup/robot_xyz_bringup.egg-info/entry_points.txt
[1.740s] writing requirements to ../../build/robot_xyz_bringup/robot_xyz_bringup.egg-info/requires.txt
[1.740s] writing top-level names to ../../build/robot_xyz_bringup/robot_xyz_bringup.egg-info/top_level.txt
[1.742s] reading manifest file '../../build/robot_xyz_bringup/robot_xyz_bringup.egg-info/SOURCES.txt'
[1.742s] writing manifest file '../../build/robot_xyz_bringup/robot_xyz_bringup.egg-info/SOURCES.txt'
[1.743s] running build
[1.743s] running build_py
[1.743s] running install
[1.744s] running install_lib
[1.748s] running install_data
[1.748s] running install_egg_info
[1.749s] removing '/home/robousr/Robotica-2026-1/robot_xyz_ws/install/robot_xyz_bringup/lib/python3.10/site-packages/robot_xyz_bringup-0.0.0-py3.10.egg-info' (and everything under it)
[1.750s] Copying ../../build/robot_xyz_bringup/robot_xyz_bringup.egg-info to /home/robousr/Robotica-2026-1/robot_xyz_ws/install/robot_xyz_bringup/lib/python3.10/site-packages/robot_xyz_bringup-0.0.0-py3.10.egg-info
[1.750s] running install_scripts
[1.776s] writing list of installed files to '/home/robousr/Robotica-2026-1/robot_xyz_ws/build/robot_xyz_bringup/install.log'
[1.830s] Invoked command in '/home/robousr/Robotica-2026-1/robot_xyz_ws/src/robot_xyz_bringup' returned '0': PYTHONPATH=/home/robousr/Robotica-2026-1/robot_xyz_ws/build/robot_xyz_bringup/prefix_override:/usr/lib/python3/dist-packages/colcon_core/task/python/colcon_distutils_commands:/home/robousr/Robotica-2026-1/robot_xyz_ws/install/robot_xyz_bringup/lib/python3.10/site-packages:${PYTHONPATH} /usr/bin/python3 -W ignore:setup.py install is deprecated -W ignore:easy_install command is deprecated setup.py egg_info --egg-base ../../build/robot_xyz_bringup build --build-base /home/robousr/Robotica-2026-1/robot_xyz_ws/build/robot_xyz_bringup/build install --record /home/robousr/Robotica-2026-1/robot_xyz_ws/build/robot_xyz_bringup/install.log --single-version-externally-managed install_data
