running egg_info
writing ../../build/robot1_controler/robot1_controler.egg-info/PKG-INFO
writing dependency_links to ../../build/robot1_controler/robot1_controler.egg-info/dependency_links.txt
writing entry points to ../../build/robot1_controler/robot1_controler.egg-info/entry_points.txt
writing requirements to ../../build/robot1_controler/robot1_controler.egg-info/requires.txt
writing top-level names to ../../build/robot1_controler/robot1_controler.egg-info/top_level.txt
reading manifest file '../../build/robot1_controler/robot1_controler.egg-info/SOURCES.txt'
writing manifest file '../../build/robot1_controler/robot1_controler.egg-info/SOURCES.txt'
running build
running build_py
running install
running install_lib
running install_data
running install_egg_info
removing '/home/robousr/Robotica-2026-1/proyecto_Robot1/Robot_1/install/robot1_controler/lib/python3.10/site-packages/robot1_controler-0.0.0-py3.10.egg-info' (and everything under it)
Copying ../../build/robot1_controler/robot1_controler.egg-info to /home/robousr/Robotica-2026-1/proyecto_Robot1/Robot_1/install/robot1_controler/lib/python3.10/site-packages/robot1_controler-0.0.0-py3.10.egg-info
running install_scripts
Installing controller_manager script to /home/robousr/Robotica-2026-1/proyecto_Robot1/Robot_1/install/robot1_controler/lib/robot1_controler
Installing hardware_interface script to /home/robousr/Robotica-2026-1/proyecto_Robot1/Robot_1/install/robot1_controler/lib/robot1_controler
Installing manipulator_controller script to /home/robousr/Robotica-2026-1/proyecto_Robot1/Robot_1/install/robot1_controler/lib/robot1_controler
writing list of installed files to '/home/robousr/Robotica-2026-1/proyecto_Robot1/Robot_1/build/robot1_controler/install.log'
