/home/robousr/Robotica-2026-1/robot_xyz_ws/install/robot_xyz_control/lib/python3.10/site-packages/robot_xyz_control/controller_manager.py
/home/robousr/Robotica-2026-1/robot_xyz_ws/install/robot_xyz_control/lib/python3.10/site-packages/robot_xyz_control/dynamics.py
/home/robousr/Robotica-2026-1/robot_xyz_ws/install/robot_xyz_control/lib/python3.10/site-packages/robot_xyz_control/__init__.py
/home/robousr/Robotica-2026-1/robot_xyz_ws/install/robot_xyz_control/lib/python3.10/site-packages/robot_xyz_control/manipulator_controller.py
/home/robousr/Robotica-2026-1/robot_xyz_ws/install/robot_xyz_control/lib/python3.10/site-packages/robot_xyz_control/hardware_interface.py
/home/robousr/Robotica-2026-1/robot_xyz_ws/install/robot_xyz_control/lib/python3.10/site-packages/robot_xyz_control/kinematics.py
/home/robousr/Robotica-2026-1/robot_xyz_ws/install/robot_xyz_control/lib/python3.10/site-packages/robot_xyz_control/__pycache__/controller_manager.cpython-310.pyc
/home/robousr/Robotica-2026-1/robot_xyz_ws/install/robot_xyz_control/lib/python3.10/site-packages/robot_xyz_control/__pycache__/dynamics.cpython-310.pyc
/home/robousr/Robotica-2026-1/robot_xyz_ws/install/robot_xyz_control/lib/python3.10/site-packages/robot_xyz_control/__pycache__/__init__.cpython-310.pyc
/home/robousr/Robotica-2026-1/robot_xyz_ws/install/robot_xyz_control/lib/python3.10/site-packages/robot_xyz_control/__pycache__/manipulator_controller.cpython-310.pyc
/home/robousr/Robotica-2026-1/robot_xyz_ws/install/robot_xyz_control/lib/python3.10/site-packages/robot_xyz_control/__pycache__/hardware_interface.cpython-310.pyc
/home/robousr/Robotica-2026-1/robot_xyz_ws/install/robot_xyz_control/lib/python3.10/site-packages/robot_xyz_control/__pycache__/kinematics.cpython-310.pyc
/home/robousr/Robotica-2026-1/robot_xyz_ws/install/robot_xyz_control/share/ament_index/resource_index/packages/robot_xyz_control
/home/robousr/Robotica-2026-1/robot_xyz_ws/install/robot_xyz_control/share/robot_xyz_control/package.xml
/home/robousr/Robotica-2026-1/robot_xyz_ws/install/robot_xyz_control/lib/python3.10/site-packages/robot_xyz_control-0.0.0-py3.10.egg-info/dependency_links.txt
/home/robousr/Robotica-2026-1/robot_xyz_ws/install/robot_xyz_control/lib/python3.10/site-packages/robot_xyz_control-0.0.0-py3.10.egg-info/PKG-INFO
/home/robousr/Robotica-2026-1/robot_xyz_ws/install/robot_xyz_control/lib/python3.10/site-packages/robot_xyz_control-0.0.0-py3.10.egg-info/zip-safe
/home/robousr/Robotica-2026-1/robot_xyz_ws/install/robot_xyz_control/lib/python3.10/site-packages/robot_xyz_control-0.0.0-py3.10.egg-info/entry_points.txt
/home/robousr/Robotica-2026-1/robot_xyz_ws/install/robot_xyz_control/lib/python3.10/site-packages/robot_xyz_control-0.0.0-py3.10.egg-info/top_level.txt
/home/robousr/Robotica-2026-1/robot_xyz_ws/install/robot_xyz_control/lib/python3.10/site-packages/robot_xyz_control-0.0.0-py3.10.egg-info/SOURCES.txt
/home/robousr/Robotica-2026-1/robot_xyz_ws/install/robot_xyz_control/lib/python3.10/site-packages/robot_xyz_control-0.0.0-py3.10.egg-info/requires.txt
/home/robousr/Robotica-2026-1/robot_xyz_ws/install/robot_xyz_control/lib/robot_xyz_control/controller_manager
/home/robousr/Robotica-2026-1/robot_xyz_ws/install/robot_xyz_control/lib/robot_xyz_control/hardware_interface
/home/robousr/Robotica-2026-1/robot_xyz_ws/install/robot_xyz_control/lib/robot_xyz_control/manipulator_controller
