running egg_info
creating ../../build/my_robot_descripction/my_robot_descripction.egg-info
writing ../../build/my_robot_descripction/my_robot_descripction.egg-info/PKG-INFO
writing dependency_links to ../../build/my_robot_descripction/my_robot_descripction.egg-info/dependency_links.txt
writing requirements to ../../build/my_robot_descripction/my_robot_descripction.egg-info/requires.txt
writing top-level names to ../../build/my_robot_descripction/my_robot_descripction.egg-info/top_level.txt
writing manifest file '../../build/my_robot_descripction/my_robot_descripction.egg-info/SOURCES.txt'
reading manifest file '../../build/my_robot_descripction/my_robot_descripction.egg-info/SOURCES.txt'
writing manifest file '../../build/my_robot_descripction/my_robot_descripction.egg-info/SOURCES.txt'
running build
running build_py
creating /home/robousr/Robot_1/build/my_robot_descripction/build/lib/my_robot_descripction
copying my_robot_descripction/__init__.py -> /home/robousr/Robot_1/build/my_robot_descripction/build/lib/my_robot_descripction
running install
running install_lib
creating /home/robousr/Robot_1/install/my_robot_descripction/lib/python3.10/site-packages/my_robot_descripction
copying /home/robousr/Robot_1/build/my_robot_descripction/build/lib/my_robot_descripction/__init__.py -> /home/robousr/Robot_1/install/my_robot_descripction/lib/python3.10/site-packages/my_robot_descripction
byte-compiling /home/robousr/Robot_1/install/my_robot_descripction/lib/python3.10/site-packages/my_robot_descripction/__init__.py to __init__.cpython-310.pyc
running install_data
creating /home/robousr/Robot_1/install/my_robot_descripction/share/ament_index/resource_index/packages
copying resource/my_robot_descripction -> /home/robousr/Robot_1/install/my_robot_descripction/share/ament_index/resource_index/packages
copying package.xml -> /home/robousr/Robot_1/install/my_robot_descripction/share/my_robot_descripction
creating /home/robousr/Robot_1/install/my_robot_descripction/share/my_robot_descripction/urdf
copying urdf/Robot_1.urdf -> /home/robousr/Robot_1/install/my_robot_descripction/share/my_robot_descripction/urdf
creating /home/robousr/Robot_1/install/my_robot_descripction/share/my_robot_descripction/rviz
copying rviz/rviz_config.rviz -> /home/robousr/Robot_1/install/my_robot_descripction/share/my_robot_descripction/rviz
running install_egg_info
Copying ../../build/my_robot_descripction/my_robot_descripction.egg-info to /home/robousr/Robot_1/install/my_robot_descripction/lib/python3.10/site-packages/my_robot_descripction-0.0.0-py3.10.egg-info
running install_scripts
writing list of installed files to '/home/robousr/Robot_1/build/my_robot_descripction/install.log'
