[1.108s] Invoking command in '/home/robousr/Robot_1/src/my_robot_descripction': PYTHONPATH=/home/robousr/Robot_1/build/my_robot_descripction/prefix_override:/usr/lib/python3/dist-packages/colcon_core/task/python/colcon_distutils_commands:/home/robousr/Robot_1/install/my_robot_descripction/lib/python3.10/site-packages:${PYTHONPATH} /usr/bin/python3 -W ignore:setup.py install is deprecated -W ignore:easy_install command is deprecated setup.py egg_info --egg-base ../../build/my_robot_descripction build --build-base /home/robousr/Robot_1/build/my_robot_descripction/build install --record /home/robousr/Robot_1/build/my_robot_descripction/install.log --single-version-externally-managed install_data
[1.389s] running egg_info
[1.409s] creating ../../build/my_robot_descripction/my_robot_descripction.egg-info
[1.409s] writing ../../build/my_robot_descripction/my_robot_descripction.egg-info/PKG-INFO
[1.410s] writing dependency_links to ../../build/my_robot_descripction/my_robot_descripction.egg-info/dependency_links.txt
[1.410s] writing requirements to ../../build/my_robot_descripction/my_robot_descripction.egg-info/requires.txt
[1.411s] writing top-level names to ../../build/my_robot_descripction/my_robot_descripction.egg-info/top_level.txt
[1.411s] writing manifest file '../../build/my_robot_descripction/my_robot_descripction.egg-info/SOURCES.txt'
[1.454s] reading manifest file '../../build/my_robot_descripction/my_robot_descripction.egg-info/SOURCES.txt'
[1.455s] writing manifest file '../../build/my_robot_descripction/my_robot_descripction.egg-info/SOURCES.txt'
[1.456s] running build
[1.456s] running build_py
[1.456s] creating /home/robousr/Robot_1/build/my_robot_descripction/build/lib/my_robot_descripction
[1.456s] copying my_robot_descripction/__init__.py -> /home/robousr/Robot_1/build/my_robot_descripction/build/lib/my_robot_descripction
[1.456s] running install
[1.461s] running install_lib
[1.482s] creating /home/robousr/Robot_1/install/my_robot_descripction/lib/python3.10/site-packages/my_robot_descripction
[1.482s] copying /home/robousr/Robot_1/build/my_robot_descripction/build/lib/my_robot_descripction/__init__.py -> /home/robousr/Robot_1/install/my_robot_descripction/lib/python3.10/site-packages/my_robot_descripction
[1.482s] byte-compiling /home/robousr/Robot_1/install/my_robot_descripction/lib/python3.10/site-packages/my_robot_descripction/__init__.py to __init__.cpython-310.pyc
[1.483s] running install_data
[1.483s] creating /home/robousr/Robot_1/install/my_robot_descripction/share/ament_index/resource_index/packages
[1.483s] copying resource/my_robot_descripction -> /home/robousr/Robot_1/install/my_robot_descripction/share/ament_index/resource_index/packages
[1.483s] copying package.xml -> /home/robousr/Robot_1/install/my_robot_descripction/share/my_robot_descripction
[1.484s] creating /home/robousr/Robot_1/install/my_robot_descripction/share/my_robot_descripction/urdf
[1.484s] copying urdf/Robot_1.urdf -> /home/robousr/Robot_1/install/my_robot_descripction/share/my_robot_descripction/urdf
[1.484s] creating /home/robousr/Robot_1/install/my_robot_descripction/share/my_robot_descripction/rviz
[1.484s] copying rviz/rviz_config.rviz -> /home/robousr/Robot_1/install/my_robot_descripction/share/my_robot_descripction/rviz
[1.484s] running install_egg_info
[1.509s] Copying ../../build/my_robot_descripction/my_robot_descripction.egg-info to /home/robousr/Robot_1/install/my_robot_descripction/lib/python3.10/site-packages/my_robot_descripction-0.0.0-py3.10.egg-info
[1.510s] running install_scripts
[1.552s] writing list of installed files to '/home/robousr/Robot_1/build/my_robot_descripction/install.log'
[1.577s] Invoked command in '/home/robousr/Robot_1/src/my_robot_descripction' returned '0': PYTHONPATH=/home/robousr/Robot_1/build/my_robot_descripction/prefix_override:/usr/lib/python3/dist-packages/colcon_core/task/python/colcon_distutils_commands:/home/robousr/Robot_1/install/my_robot_descripction/lib/python3.10/site-packages:${PYTHONPATH} /usr/bin/python3 -W ignore:setup.py install is deprecated -W ignore:easy_install command is deprecated setup.py egg_info --egg-base ../../build/my_robot_descripction build --build-base /home/robousr/Robot_1/build/my_robot_descripction/build install --record /home/robousr/Robot_1/build/my_robot_descripction/install.log --single-version-externally-managed install_data
