running egg_info
creating ../../build/robot1_bringup/robot1_bringup.egg-info
writing ../../build/robot1_bringup/robot1_bringup.egg-info/PKG-INFO
writing dependency_links to ../../build/robot1_bringup/robot1_bringup.egg-info/dependency_links.txt
writing requirements to ../../build/robot1_bringup/robot1_bringup.egg-info/requires.txt
writing top-level names to ../../build/robot1_bringup/robot1_bringup.egg-info/top_level.txt
writing manifest file '../../build/robot1_bringup/robot1_bringup.egg-info/SOURCES.txt'
reading manifest file '../../build/robot1_bringup/robot1_bringup.egg-info/SOURCES.txt'
writing manifest file '../../build/robot1_bringup/robot1_bringup.egg-info/SOURCES.txt'
running build
running build_py
creating /home/robousr/Robot_1/build/robot1_bringup/build/lib/robot1_bringup
copying robot1_bringup/__init__.py -> /home/robousr/Robot_1/build/robot1_bringup/build/lib/robot1_bringup
running install
running install_lib
creating /home/robousr/Robot_1/install/robot1_bringup/lib/python3.10/site-packages/robot1_bringup
copying /home/robousr/Robot_1/build/robot1_bringup/build/lib/robot1_bringup/__init__.py -> /home/robousr/Robot_1/install/robot1_bringup/lib/python3.10/site-packages/robot1_bringup
byte-compiling /home/robousr/Robot_1/install/robot1_bringup/lib/python3.10/site-packages/robot1_bringup/__init__.py to __init__.cpython-310.pyc
running install_data
creating /home/robousr/Robot_1/install/robot1_bringup/share/ament_index/resource_index/packages
copying resource/robot1_bringup -> /home/robousr/Robot_1/install/robot1_bringup/share/ament_index/resource_index/packages
copying package.xml -> /home/robousr/Robot_1/install/robot1_bringup/share/robot1_bringup
creating /home/robousr/Robot_1/install/robot1_bringup/share/robot1_bringup/launch
copying launch/robot1.launch.py -> /home/robousr/Robot_1/install/robot1_bringup/share/robot1_bringup/launch
running install_egg_info
Copying ../../build/robot1_bringup/robot1_bringup.egg-info to /home/robousr/Robot_1/install/robot1_bringup/lib/python3.10/site-packages/robot1_bringup-0.0.0-py3.10.egg-info
running install_scripts
writing list of installed files to '/home/robousr/Robot_1/build/robot1_bringup/install.log'
