[0.111s] DEBUG:colcon:Command line arguments: ['/usr/bin/colcon', 'build']
[0.111s] DEBUG:colcon:Parsed command line arguments: Namespace(log_base=None, log_level=None, verb_name='build', build_base='build', install_base='install', merge_install=False, symlink_install=False, test_result_base=None, continue_on_error=False, executor='parallel', parallel_workers=4, event_handlers=None, ignore_user_meta=False, metas=['./colcon.meta'], base_paths=['.'], packages_ignore=None, packages_ignore_regex=None, paths=None, packages_up_to=None, packages_up_to_regex=None, packages_above=None, packages_above_and_dependencies=None, packages_above_depth=None, packages_select_by_dep=None, packages_skip_by_dep=None, packages_skip_up_to=None, packages_select_build_failed=False, packages_skip_build_finished=False, packages_select_test_failures=False, packages_skip_test_passed=False, packages_select=None, packages_skip=None, packages_select_regex=None, packages_skip_regex=None, packages_start=None, packages_end=None, allow_overriding=[], cmake_args=None, cmake_target=None, cmake_target_skip_unavailable=False, cmake_clean_cache=False, cmake_clean_first=False, cmake_force_configure=False, ament_cmake_args=None, catkin_cmake_args=None, catkin_skip_building_tests=False, mixin_files=None, mixin=None, verb_parser=<colcon_mixin.mixin.mixin_argument.MixinArgumentDecorator object at 0x7d6a6996ba90>, verb_extension=<colcon_core.verb.build.BuildVerb object at 0x7d6a6996b3a0>, main=<bound method BuildVerb.main of <colcon_core.verb.build.BuildVerb object at 0x7d6a6996b3a0>>, mixin_verb=('build',))
[0.318s] Level 1:colcon.colcon_core.package_discovery:discover_packages(colcon_meta) check parameters
[0.318s] Level 1:colcon.colcon_core.package_discovery:discover_packages(recursive) check parameters
[0.318s] Level 1:colcon.colcon_core.package_discovery:discover_packages(ignore) check parameters
[0.318s] Level 1:colcon.colcon_core.package_discovery:discover_packages(path) check parameters
[0.319s] Level 1:colcon.colcon_core.package_discovery:discover_packages(colcon_meta) discover
[0.319s] Level 1:colcon.colcon_core.package_discovery:discover_packages(recursive) discover
[0.319s] INFO:colcon.colcon_core.package_discovery:Crawling recursively for packages in '/home/robousr/Robotica-2026-1/robot_xyz_ws'
[0.319s] Level 1:colcon.colcon_core.package_identification:_identify(.) by extensions ['ignore', 'ignore_ament_install']
[0.319s] Level 1:colcon.colcon_core.package_identification:_identify(.) by extension 'ignore'
[0.319s] Level 1:colcon.colcon_core.package_identification:_identify(.) by extension 'ignore_ament_install'
[0.319s] Level 1:colcon.colcon_core.package_identification:_identify(.) by extensions ['colcon_pkg']
[0.319s] Level 1:colcon.colcon_core.package_identification:_identify(.) by extension 'colcon_pkg'
[0.319s] Level 1:colcon.colcon_core.package_identification:_identify(.) by extensions ['colcon_meta']
[0.319s] Level 1:colcon.colcon_core.package_identification:_identify(.) by extension 'colcon_meta'
[0.319s] Level 1:colcon.colcon_core.package_identification:_identify(.) by extensions ['ros']
[0.319s] Level 1:colcon.colcon_core.package_identification:_identify(.) by extension 'ros'
[0.342s] Level 1:colcon.colcon_core.package_identification:_identify(.) by extensions ['cmake', 'python']
[0.342s] Level 1:colcon.colcon_core.package_identification:_identify(.) by extension 'cmake'
[0.343s] Level 1:colcon.colcon_core.package_identification:_identify(.) by extension 'python'
[0.343s] Level 1:colcon.colcon_core.package_identification:_identify(.) by extensions ['python_setup_py']
[0.343s] Level 1:colcon.colcon_core.package_identification:_identify(.) by extension 'python_setup_py'
[0.343s] Level 1:colcon.colcon_core.package_identification:_identify(build) by extensions ['ignore', 'ignore_ament_install']
[0.343s] Level 1:colcon.colcon_core.package_identification:_identify(build) by extension 'ignore'
[0.343s] Level 1:colcon.colcon_core.package_identification:_identify(build) ignored
[0.343s] Level 1:colcon.colcon_core.package_identification:_identify(install) by extensions ['ignore', 'ignore_ament_install']
[0.343s] Level 1:colcon.colcon_core.package_identification:_identify(install) by extension 'ignore'
[0.343s] Level 1:colcon.colcon_core.package_identification:_identify(install) ignored
[0.343s] Level 1:colcon.colcon_core.package_identification:_identify(log) by extensions ['ignore', 'ignore_ament_install']
[0.343s] Level 1:colcon.colcon_core.package_identification:_identify(log) by extension 'ignore'
[0.343s] Level 1:colcon.colcon_core.package_identification:_identify(log) ignored
[0.344s] Level 1:colcon.colcon_core.package_identification:_identify(src) by extensions ['ignore', 'ignore_ament_install']
[0.344s] Level 1:colcon.colcon_core.package_identification:_identify(src) by extension 'ignore'
[0.344s] Level 1:colcon.colcon_core.package_identification:_identify(src) by extension 'ignore_ament_install'
[0.344s] Level 1:colcon.colcon_core.package_identification:_identify(src) by extensions ['colcon_pkg']
[0.344s] Level 1:colcon.colcon_core.package_identification:_identify(src) by extension 'colcon_pkg'
[0.344s] Level 1:colcon.colcon_core.package_identification:_identify(src) by extensions ['colcon_meta']
[0.344s] Level 1:colcon.colcon_core.package_identification:_identify(src) by extension 'colcon_meta'
[0.344s] Level 1:colcon.colcon_core.package_identification:_identify(src) by extensions ['ros']
[0.344s] Level 1:colcon.colcon_core.package_identification:_identify(src) by extension 'ros'
[0.344s] Level 1:colcon.colcon_core.package_identification:_identify(src) by extensions ['cmake', 'python']
[0.344s] Level 1:colcon.colcon_core.package_identification:_identify(src) by extension 'cmake'
[0.344s] Level 1:colcon.colcon_core.package_identification:_identify(src) by extension 'python'
[0.344s] Level 1:colcon.colcon_core.package_identification:_identify(src) by extensions ['python_setup_py']
[0.344s] Level 1:colcon.colcon_core.package_identification:_identify(src) by extension 'python_setup_py'
[0.344s] Level 1:colcon.colcon_core.package_identification:_identify(src/robot_xyz_bringup) by extensions ['ignore', 'ignore_ament_install']
[0.344s] Level 1:colcon.colcon_core.package_identification:_identify(src/robot_xyz_bringup) by extension 'ignore'
[0.344s] Level 1:colcon.colcon_core.package_identification:_identify(src/robot_xyz_bringup) by extension 'ignore_ament_install'
[0.344s] Level 1:colcon.colcon_core.package_identification:_identify(src/robot_xyz_bringup) by extensions ['colcon_pkg']
[0.344s] Level 1:colcon.colcon_core.package_identification:_identify(src/robot_xyz_bringup) by extension 'colcon_pkg'
[0.344s] Level 1:colcon.colcon_core.package_identification:_identify(src/robot_xyz_bringup) by extensions ['colcon_meta']
[0.344s] Level 1:colcon.colcon_core.package_identification:_identify(src/robot_xyz_bringup) by extension 'colcon_meta'
[0.345s] Level 1:colcon.colcon_core.package_identification:_identify(src/robot_xyz_bringup) by extensions ['ros']
[0.345s] Level 1:colcon.colcon_core.package_identification:_identify(src/robot_xyz_bringup) by extension 'ros'
[0.347s] DEBUG:colcon.colcon_core.package_identification:Package 'src/robot_xyz_bringup' with type 'ros.ament_python' and name 'robot_xyz_bringup'
[0.347s] Level 1:colcon.colcon_core.package_identification:_identify(src/robot_xyz_control) by extensions ['ignore', 'ignore_ament_install']
[0.347s] Level 1:colcon.colcon_core.package_identification:_identify(src/robot_xyz_control) by extension 'ignore'
[0.347s] Level 1:colcon.colcon_core.package_identification:_identify(src/robot_xyz_control) by extension 'ignore_ament_install'
[0.347s] Level 1:colcon.colcon_core.package_identification:_identify(src/robot_xyz_control) by extensions ['colcon_pkg']
[0.347s] Level 1:colcon.colcon_core.package_identification:_identify(src/robot_xyz_control) by extension 'colcon_pkg'
[0.347s] Level 1:colcon.colcon_core.package_identification:_identify(src/robot_xyz_control) by extensions ['colcon_meta']
[0.347s] Level 1:colcon.colcon_core.package_identification:_identify(src/robot_xyz_control) by extension 'colcon_meta'
[0.348s] Level 1:colcon.colcon_core.package_identification:_identify(src/robot_xyz_control) by extensions ['ros']
[0.348s] Level 1:colcon.colcon_core.package_identification:_identify(src/robot_xyz_control) by extension 'ros'
[0.348s] DEBUG:colcon.colcon_core.package_identification:Package 'src/robot_xyz_control' with type 'ros.ament_python' and name 'robot_xyz_control'
[0.348s] Level 1:colcon.colcon_core.package_identification:_identify(src/robot_xyz_description) by extensions ['ignore', 'ignore_ament_install']
[0.348s] Level 1:colcon.colcon_core.package_identification:_identify(src/robot_xyz_description) by extension 'ignore'
[0.348s] Level 1:colcon.colcon_core.package_identification:_identify(src/robot_xyz_description) by extension 'ignore_ament_install'
[0.349s] Level 1:colcon.colcon_core.package_identification:_identify(src/robot_xyz_description) by extensions ['colcon_pkg']
[0.349s] Level 1:colcon.colcon_core.package_identification:_identify(src/robot_xyz_description) by extension 'colcon_pkg'
[0.349s] Level 1:colcon.colcon_core.package_identification:_identify(src/robot_xyz_description) by extensions ['colcon_meta']
[0.349s] Level 1:colcon.colcon_core.package_identification:_identify(src/robot_xyz_description) by extension 'colcon_meta'
[0.349s] Level 1:colcon.colcon_core.package_identification:_identify(src/robot_xyz_description) by extensions ['ros']
[0.349s] Level 1:colcon.colcon_core.package_identification:_identify(src/robot_xyz_description) by extension 'ros'
[0.349s] DEBUG:colcon.colcon_core.package_identification:Package 'src/robot_xyz_description' with type 'ros.ament_python' and name 'robot_xyz_description'
[0.349s] Level 1:colcon.colcon_core.package_discovery:discover_packages(recursive) using defaults
[0.349s] Level 1:colcon.colcon_core.package_discovery:discover_packages(ignore) discover
[0.349s] Level 1:colcon.colcon_core.package_discovery:discover_packages(ignore) using defaults
[0.349s] Level 1:colcon.colcon_core.package_discovery:discover_packages(path) discover
[0.349s] Level 1:colcon.colcon_core.package_discovery:discover_packages(path) using defaults
[0.369s] Level 1:colcon.colcon_core.package_discovery:discover_packages(prefix_path) check parameters
[0.369s] Level 1:colcon.colcon_core.package_discovery:discover_packages(prefix_path) discover
[0.373s] DEBUG:colcon.colcon_installed_package_information.package_discovery:Found 432 installed packages in /opt/ros/humble
[0.375s] Level 1:colcon.colcon_core.package_discovery:discover_packages(prefix_path) using defaults
[0.429s] Level 5:colcon.colcon_core.verb:set package 'robot_xyz_bringup' build argument 'cmake_args' from command line to 'None'
[0.429s] Level 5:colcon.colcon_core.verb:set package 'robot_xyz_bringup' build argument 'cmake_target' from command line to 'None'
[0.429s] Level 5:colcon.colcon_core.verb:set package 'robot_xyz_bringup' build argument 'cmake_target_skip_unavailable' from command line to 'False'
[0.429s] Level 5:colcon.colcon_core.verb:set package 'robot_xyz_bringup' build argument 'cmake_clean_cache' from command line to 'False'
[0.429s] Level 5:colcon.colcon_core.verb:set package 'robot_xyz_bringup' build argument 'cmake_clean_first' from command line to 'False'
[0.429s] Level 5:colcon.colcon_core.verb:set package 'robot_xyz_bringup' build argument 'cmake_force_configure' from command line to 'False'
[0.429s] Level 5:colcon.colcon_core.verb:set package 'robot_xyz_bringup' build argument 'ament_cmake_args' from command line to 'None'
[0.429s] Level 5:colcon.colcon_core.verb:set package 'robot_xyz_bringup' build argument 'catkin_cmake_args' from command line to 'None'
[0.429s] Level 5:colcon.colcon_core.verb:set package 'robot_xyz_bringup' build argument 'catkin_skip_building_tests' from command line to 'False'
[0.429s] DEBUG:colcon.colcon_core.verb:Building package 'robot_xyz_bringup' with the following arguments: {'ament_cmake_args': None, 'build_base': '/home/robousr/Robotica-2026-1/robot_xyz_ws/build/robot_xyz_bringup', 'catkin_cmake_args': None, 'catkin_skip_building_tests': False, 'cmake_args': None, 'cmake_clean_cache': False, 'cmake_clean_first': False, 'cmake_force_configure': False, 'cmake_target': None, 'cmake_target_skip_unavailable': False, 'install_base': '/home/robousr/Robotica-2026-1/robot_xyz_ws/install/robot_xyz_bringup', 'merge_install': False, 'path': '/home/robousr/Robotica-2026-1/robot_xyz_ws/src/robot_xyz_bringup', 'symlink_install': False, 'test_result_base': None}
[0.430s] Level 5:colcon.colcon_core.verb:set package 'robot_xyz_control' build argument 'cmake_args' from command line to 'None'
[0.430s] Level 5:colcon.colcon_core.verb:set package 'robot_xyz_control' build argument 'cmake_target' from command line to 'None'
[0.430s] Level 5:colcon.colcon_core.verb:set package 'robot_xyz_control' build argument 'cmake_target_skip_unavailable' from command line to 'False'
[0.430s] Level 5:colcon.colcon_core.verb:set package 'robot_xyz_control' build argument 'cmake_clean_cache' from command line to 'False'
[0.430s] Level 5:colcon.colcon_core.verb:set package 'robot_xyz_control' build argument 'cmake_clean_first' from command line to 'False'
[0.430s] Level 5:colcon.colcon_core.verb:set package 'robot_xyz_control' build argument 'cmake_force_configure' from command line to 'False'
[0.430s] Level 5:colcon.colcon_core.verb:set package 'robot_xyz_control' build argument 'ament_cmake_args' from command line to 'None'
[0.430s] Level 5:colcon.colcon_core.verb:set package 'robot_xyz_control' build argument 'catkin_cmake_args' from command line to 'None'
[0.430s] Level 5:colcon.colcon_core.verb:set package 'robot_xyz_control' build argument 'catkin_skip_building_tests' from command line to 'False'
[0.430s] DEBUG:colcon.colcon_core.verb:Building package 'robot_xyz_control' with the following arguments: {'ament_cmake_args': None, 'build_base': '/home/robousr/Robotica-2026-1/robot_xyz_ws/build/robot_xyz_control', 'catkin_cmake_args': None, 'catkin_skip_building_tests': False, 'cmake_args': None, 'cmake_clean_cache': False, 'cmake_clean_first': False, 'cmake_force_configure': False, 'cmake_target': None, 'cmake_target_skip_unavailable': False, 'install_base': '/home/robousr/Robotica-2026-1/robot_xyz_ws/install/robot_xyz_control', 'merge_install': False, 'path': '/home/robousr/Robotica-2026-1/robot_xyz_ws/src/robot_xyz_control', 'symlink_install': False, 'test_result_base': None}
[0.430s] Level 5:colcon.colcon_core.verb:set package 'robot_xyz_description' build argument 'cmake_args' from command line to 'None'
[0.430s] Level 5:colcon.colcon_core.verb:set package 'robot_xyz_description' build argument 'cmake_target' from command line to 'None'
[0.430s] Level 5:colcon.colcon_core.verb:set package 'robot_xyz_description' build argument 'cmake_target_skip_unavailable' from command line to 'False'
[0.431s] Level 5:colcon.colcon_core.verb:set package 'robot_xyz_description' build argument 'cmake_clean_cache' from command line to 'False'
[0.431s] Level 5:colcon.colcon_core.verb:set package 'robot_xyz_description' build argument 'cmake_clean_first' from command line to 'False'
[0.431s] Level 5:colcon.colcon_core.verb:set package 'robot_xyz_description' build argument 'cmake_force_configure' from command line to 'False'
[0.431s] Level 5:colcon.colcon_core.verb:set package 'robot_xyz_description' build argument 'ament_cmake_args' from command line to 'None'
[0.431s] Level 5:colcon.colcon_core.verb:set package 'robot_xyz_description' build argument 'catkin_cmake_args' from command line to 'None'
[0.431s] Level 5:colcon.colcon_core.verb:set package 'robot_xyz_description' build argument 'catkin_skip_building_tests' from command line to 'False'
[0.431s] DEBUG:colcon.colcon_core.verb:Building package 'robot_xyz_description' with the following arguments: {'ament_cmake_args': None, 'build_base': '/home/robousr/Robotica-2026-1/robot_xyz_ws/build/robot_xyz_description', 'catkin_cmake_args': None, 'catkin_skip_building_tests': False, 'cmake_args': None, 'cmake_clean_cache': False, 'cmake_clean_first': False, 'cmake_force_configure': False, 'cmake_target': None, 'cmake_target_skip_unavailable': False, 'install_base': '/home/robousr/Robotica-2026-1/robot_xyz_ws/install/robot_xyz_description', 'merge_install': False, 'path': '/home/robousr/Robotica-2026-1/robot_xyz_ws/src/robot_xyz_description', 'symlink_install': False, 'test_result_base': None}
[0.431s] INFO:colcon.colcon_core.executor:Executing jobs using 'parallel' executor
[0.432s] DEBUG:colcon.colcon_parallel_executor.executor.parallel:run_until_complete
[0.432s] INFO:colcon.colcon_ros.task.ament_python.build:Building ROS package in '/home/robousr/Robotica-2026-1/robot_xyz_ws/src/robot_xyz_bringup' with build type 'ament_python'
[0.432s] Level 1:colcon.colcon_core.shell:create_environment_hook('robot_xyz_bringup', 'ament_prefix_path')
[0.434s] INFO:colcon.colcon_core.plugin_system:Skipping extension 'colcon_core.shell.bat': Not used on non-Windows systems
[0.435s] INFO:colcon.colcon_core.shell:Creating environment hook '/home/robousr/Robotica-2026-1/robot_xyz_ws/install/robot_xyz_bringup/share/robot_xyz_bringup/hook/ament_prefix_path.ps1'
[0.435s] INFO:colcon.colcon_core.shell:Creating environment descriptor '/home/robousr/Robotica-2026-1/robot_xyz_ws/install/robot_xyz_bringup/share/robot_xyz_bringup/hook/ament_prefix_path.dsv'
[0.436s] INFO:colcon.colcon_core.shell:Creating environment hook '/home/robousr/Robotica-2026-1/robot_xyz_ws/install/robot_xyz_bringup/share/robot_xyz_bringup/hook/ament_prefix_path.sh'
[0.437s] INFO:colcon.colcon_core.shell:Skip shell extension 'powershell' for command environment: Not usable outside of PowerShell
[0.437s] DEBUG:colcon.colcon_core.shell:Skip shell extension 'dsv' for command environment
[0.440s] INFO:colcon.colcon_ros.task.ament_python.build:Building ROS package in '/home/robousr/Robotica-2026-1/robot_xyz_ws/src/robot_xyz_control' with build type 'ament_python'
[0.440s] Level 1:colcon.colcon_core.shell:create_environment_hook('robot_xyz_control', 'ament_prefix_path')
[0.440s] INFO:colcon.colcon_core.shell:Creating environment hook '/home/robousr/Robotica-2026-1/robot_xyz_ws/install/robot_xyz_control/share/robot_xyz_control/hook/ament_prefix_path.ps1'
[0.441s] INFO:colcon.colcon_core.shell:Creating environment descriptor '/home/robousr/Robotica-2026-1/robot_xyz_ws/install/robot_xyz_control/share/robot_xyz_control/hook/ament_prefix_path.dsv'
[0.441s] INFO:colcon.colcon_core.shell:Creating environment hook '/home/robousr/Robotica-2026-1/robot_xyz_ws/install/robot_xyz_control/share/robot_xyz_control/hook/ament_prefix_path.sh'
[0.442s] INFO:colcon.colcon_core.shell:Skip shell extension 'powershell' for command environment: Not usable outside of PowerShell
[0.442s] DEBUG:colcon.colcon_core.shell:Skip shell extension 'dsv' for command environment
[0.446s] INFO:colcon.colcon_ros.task.ament_python.build:Building ROS package in '/home/robousr/Robotica-2026-1/robot_xyz_ws/src/robot_xyz_description' with build type 'ament_python'
[0.446s] Level 1:colcon.colcon_core.shell:create_environment_hook('robot_xyz_description', 'ament_prefix_path')
[0.446s] INFO:colcon.colcon_core.shell:Creating environment hook '/home/robousr/Robotica-2026-1/robot_xyz_ws/install/robot_xyz_description/share/robot_xyz_description/hook/ament_prefix_path.ps1'
[0.447s] INFO:colcon.colcon_core.shell:Creating environment descriptor '/home/robousr/Robotica-2026-1/robot_xyz_ws/install/robot_xyz_description/share/robot_xyz_description/hook/ament_prefix_path.dsv'
[0.447s] INFO:colcon.colcon_core.shell:Creating environment hook '/home/robousr/Robotica-2026-1/robot_xyz_ws/install/robot_xyz_description/share/robot_xyz_description/hook/ament_prefix_path.sh'
[0.448s] INFO:colcon.colcon_core.shell:Skip shell extension 'powershell' for command environment: Not usable outside of PowerShell
[0.448s] DEBUG:colcon.colcon_core.shell:Skip shell extension 'dsv' for command environment
[0.756s] INFO:colcon.colcon_core.task.python.build:Building Python package in '/home/robousr/Robotica-2026-1/robot_xyz_ws/src/robot_xyz_bringup'
[0.757s] INFO:colcon.colcon_core.shell:Skip shell extension 'powershell' for command environment: Not usable outside of PowerShell
[0.757s] DEBUG:colcon.colcon_core.shell:Skip shell extension 'dsv' for command environment
[1.073s] INFO:colcon.colcon_core.task.python.build:Building Python package in '/home/robousr/Robotica-2026-1/robot_xyz_ws/src/robot_xyz_control'
[1.073s] INFO:colcon.colcon_core.shell:Skip shell extension 'powershell' for command environment: Not usable outside of PowerShell
[1.074s] DEBUG:colcon.colcon_core.shell:Skip shell extension 'dsv' for command environment
[1.381s] INFO:colcon.colcon_core.task.python.build:Building Python package in '/home/robousr/Robotica-2026-1/robot_xyz_ws/src/robot_xyz_description'
[1.382s] INFO:colcon.colcon_core.shell:Skip shell extension 'powershell' for command environment: Not usable outside of PowerShell
[1.382s] DEBUG:colcon.colcon_core.shell:Skip shell extension 'dsv' for command environment
[1.858s] DEBUG:colcon.colcon_core.event_handler.log_command:Invoking command in '/home/robousr/Robotica-2026-1/robot_xyz_ws/src/robot_xyz_bringup': PYTHONPATH=/home/robousr/Robotica-2026-1/robot_xyz_ws/build/robot_xyz_bringup/prefix_override:/usr/lib/python3/dist-packages/colcon_core/task/python/colcon_distutils_commands:/home/robousr/Robotica-2026-1/robot_xyz_ws/install/robot_xyz_bringup/lib/python3.10/site-packages:${PYTHONPATH} /usr/bin/python3 -W ignore:setup.py install is deprecated -W ignore:easy_install command is deprecated setup.py egg_info --egg-base ../../build/robot_xyz_bringup build --build-base /home/robousr/Robotica-2026-1/robot_xyz_ws/build/robot_xyz_bringup/build install --record /home/robousr/Robotica-2026-1/robot_xyz_ws/build/robot_xyz_bringup/install.log --single-version-externally-managed install_data
[2.099s] DEBUG:colcon.colcon_core.event_handler.log_command:Invoking command in '/home/robousr/Robotica-2026-1/robot_xyz_ws/src/robot_xyz_control': PYTHONPATH=/home/robousr/Robotica-2026-1/robot_xyz_ws/build/robot_xyz_control/prefix_override:/usr/lib/python3/dist-packages/colcon_core/task/python/colcon_distutils_commands:/home/robousr/Robotica-2026-1/robot_xyz_ws/install/robot_xyz_control/lib/python3.10/site-packages:${PYTHONPATH} /usr/bin/python3 -W ignore:setup.py install is deprecated -W ignore:easy_install command is deprecated setup.py egg_info --egg-base ../../build/robot_xyz_control build --build-base /home/robousr/Robotica-2026-1/robot_xyz_ws/build/robot_xyz_control/build install --record /home/robousr/Robotica-2026-1/robot_xyz_ws/build/robot_xyz_control/install.log --single-version-externally-managed install_data
[2.151s] DEBUG:colcon.colcon_core.event_handler.log_command:Invoking command in '/home/robousr/Robotica-2026-1/robot_xyz_ws/src/robot_xyz_description': PYTHONPATH=/home/robousr/Robotica-2026-1/robot_xyz_ws/build/robot_xyz_description/prefix_override:/usr/lib/python3/dist-packages/colcon_core/task/python/colcon_distutils_commands:/home/robousr/Robotica-2026-1/robot_xyz_ws/install/robot_xyz_description/lib/python3.10/site-packages:${PYTHONPATH} /usr/bin/python3 -W ignore:setup.py install is deprecated -W ignore:easy_install command is deprecated setup.py egg_info --egg-base ../../build/robot_xyz_description build --build-base /home/robousr/Robotica-2026-1/robot_xyz_ws/build/robot_xyz_description/build install --record /home/robousr/Robotica-2026-1/robot_xyz_ws/build/robot_xyz_description/install.log --single-version-externally-managed install_data
[2.263s] DEBUG:colcon.colcon_core.event_handler.log_command:Invoked command in '/home/robousr/Robotica-2026-1/robot_xyz_ws/src/robot_xyz_bringup' returned '0': PYTHONPATH=/home/robousr/Robotica-2026-1/robot_xyz_ws/build/robot_xyz_bringup/prefix_override:/usr/lib/python3/dist-packages/colcon_core/task/python/colcon_distutils_commands:/home/robousr/Robotica-2026-1/robot_xyz_ws/install/robot_xyz_bringup/lib/python3.10/site-packages:${PYTHONPATH} /usr/bin/python3 -W ignore:setup.py install is deprecated -W ignore:easy_install command is deprecated setup.py egg_info --egg-base ../../build/robot_xyz_bringup build --build-base /home/robousr/Robotica-2026-1/robot_xyz_ws/build/robot_xyz_bringup/build install --record /home/robousr/Robotica-2026-1/robot_xyz_ws/build/robot_xyz_bringup/install.log --single-version-externally-managed install_data
[2.266s] Level 1:colcon.colcon_core.environment:checking '/home/robousr/Robotica-2026-1/robot_xyz_ws/install/robot_xyz_bringup' for CMake module files
[2.267s] Level 1:colcon.colcon_core.environment:checking '/home/robousr/Robotica-2026-1/robot_xyz_ws/install/robot_xyz_bringup' for CMake config files
[2.268s] Level 1:colcon.colcon_core.environment:checking '/home/robousr/Robotica-2026-1/robot_xyz_ws/install/robot_xyz_bringup/lib'
[2.268s] Level 1:colcon.colcon_core.environment:checking '/home/robousr/Robotica-2026-1/robot_xyz_ws/install/robot_xyz_bringup/bin'
[2.269s] Level 1:colcon.colcon_core.environment:checking '/home/robousr/Robotica-2026-1/robot_xyz_ws/install/robot_xyz_bringup/lib/pkgconfig/robot_xyz_bringup.pc'
[2.269s] Level 1:colcon.colcon_core.environment:checking '/home/robousr/Robotica-2026-1/robot_xyz_ws/install/robot_xyz_bringup/lib/python3.10/site-packages'
[2.269s] Level 1:colcon.colcon_core.shell:create_environment_hook('robot_xyz_bringup', 'pythonpath')
[2.270s] INFO:colcon.colcon_core.shell:Creating environment hook '/home/robousr/Robotica-2026-1/robot_xyz_ws/install/robot_xyz_bringup/share/robot_xyz_bringup/hook/pythonpath.ps1'
[2.270s] INFO:colcon.colcon_core.shell:Creating environment descriptor '/home/robousr/Robotica-2026-1/robot_xyz_ws/install/robot_xyz_bringup/share/robot_xyz_bringup/hook/pythonpath.dsv'
[2.271s] INFO:colcon.colcon_core.shell:Creating environment hook '/home/robousr/Robotica-2026-1/robot_xyz_ws/install/robot_xyz_bringup/share/robot_xyz_bringup/hook/pythonpath.sh'
[2.272s] Level 1:colcon.colcon_core.environment:checking '/home/robousr/Robotica-2026-1/robot_xyz_ws/install/robot_xyz_bringup/bin'
[2.272s] Level 1:colcon.colcon_core.environment:create_environment_scripts_only(robot_xyz_bringup)
[2.272s] INFO:colcon.colcon_core.shell:Creating package script '/home/robousr/Robotica-2026-1/robot_xyz_ws/install/robot_xyz_bringup/share/robot_xyz_bringup/package.ps1'
[2.274s] INFO:colcon.colcon_core.shell:Creating package descriptor '/home/robousr/Robotica-2026-1/robot_xyz_ws/install/robot_xyz_bringup/share/robot_xyz_bringup/package.dsv'
[2.275s] INFO:colcon.colcon_core.shell:Creating package script '/home/robousr/Robotica-2026-1/robot_xyz_ws/install/robot_xyz_bringup/share/robot_xyz_bringup/package.sh'
[2.276s] INFO:colcon.colcon_core.shell:Creating package script '/home/robousr/Robotica-2026-1/robot_xyz_ws/install/robot_xyz_bringup/share/robot_xyz_bringup/package.bash'
[2.277s] INFO:colcon.colcon_core.shell:Creating package script '/home/robousr/Robotica-2026-1/robot_xyz_ws/install/robot_xyz_bringup/share/robot_xyz_bringup/package.zsh'
[2.278s] Level 1:colcon.colcon_core.environment:create_file_with_runtime_dependencies(/home/robousr/Robotica-2026-1/robot_xyz_ws/install/robot_xyz_bringup/share/colcon-core/packages/robot_xyz_bringup)
[2.507s] Level 1:colcon.colcon_core.environment:checking '/home/robousr/Robotica-2026-1/robot_xyz_ws/install/robot_xyz_control' for CMake module files
[2.508s] DEBUG:colcon.colcon_core.event_handler.log_command:Invoked command in '/home/robousr/Robotica-2026-1/robot_xyz_ws/src/robot_xyz_control' returned '0': PYTHONPATH=/home/robousr/Robotica-2026-1/robot_xyz_ws/build/robot_xyz_control/prefix_override:/usr/lib/python3/dist-packages/colcon_core/task/python/colcon_distutils_commands:/home/robousr/Robotica-2026-1/robot_xyz_ws/install/robot_xyz_control/lib/python3.10/site-packages:${PYTHONPATH} /usr/bin/python3 -W ignore:setup.py install is deprecated -W ignore:easy_install command is deprecated setup.py egg_info --egg-base ../../build/robot_xyz_control build --build-base /home/robousr/Robotica-2026-1/robot_xyz_ws/build/robot_xyz_control/build install --record /home/robousr/Robotica-2026-1/robot_xyz_ws/build/robot_xyz_control/install.log --single-version-externally-managed install_data
[2.508s] Level 1:colcon.colcon_core.environment:checking '/home/robousr/Robotica-2026-1/robot_xyz_ws/install/robot_xyz_control' for CMake config files
[2.509s] Level 1:colcon.colcon_core.environment:checking '/home/robousr/Robotica-2026-1/robot_xyz_ws/install/robot_xyz_control/lib'
[2.509s] Level 1:colcon.colcon_core.environment:checking '/home/robousr/Robotica-2026-1/robot_xyz_ws/install/robot_xyz_control/bin'
[2.509s] Level 1:colcon.colcon_core.environment:checking '/home/robousr/Robotica-2026-1/robot_xyz_ws/install/robot_xyz_control/lib/pkgconfig/robot_xyz_control.pc'
[2.510s] Level 1:colcon.colcon_core.environment:checking '/home/robousr/Robotica-2026-1/robot_xyz_ws/install/robot_xyz_control/lib/python3.10/site-packages'
[2.510s] Level 1:colcon.colcon_core.shell:create_environment_hook('robot_xyz_control', 'pythonpath')
[2.510s] INFO:colcon.colcon_core.shell:Creating environment hook '/home/robousr/Robotica-2026-1/robot_xyz_ws/install/robot_xyz_control/share/robot_xyz_control/hook/pythonpath.ps1'
[2.511s] INFO:colcon.colcon_core.shell:Creating environment descriptor '/home/robousr/Robotica-2026-1/robot_xyz_ws/install/robot_xyz_control/share/robot_xyz_control/hook/pythonpath.dsv'
[2.511s] INFO:colcon.colcon_core.shell:Creating environment hook '/home/robousr/Robotica-2026-1/robot_xyz_ws/install/robot_xyz_control/share/robot_xyz_control/hook/pythonpath.sh'
[2.512s] Level 1:colcon.colcon_core.environment:checking '/home/robousr/Robotica-2026-1/robot_xyz_ws/install/robot_xyz_control/bin'
[2.512s] Level 1:colcon.colcon_core.environment:create_environment_scripts_only(robot_xyz_control)
[2.513s] INFO:colcon.colcon_core.shell:Creating package script '/home/robousr/Robotica-2026-1/robot_xyz_ws/install/robot_xyz_control/share/robot_xyz_control/package.ps1'
[2.514s] INFO:colcon.colcon_core.shell:Creating package descriptor '/home/robousr/Robotica-2026-1/robot_xyz_ws/install/robot_xyz_control/share/robot_xyz_control/package.dsv'
[2.514s] INFO:colcon.colcon_core.shell:Creating package script '/home/robousr/Robotica-2026-1/robot_xyz_ws/install/robot_xyz_control/share/robot_xyz_control/package.sh'
[2.515s] INFO:colcon.colcon_core.shell:Creating package script '/home/robousr/Robotica-2026-1/robot_xyz_ws/install/robot_xyz_control/share/robot_xyz_control/package.bash'
[2.515s] INFO:colcon.colcon_core.shell:Creating package script '/home/robousr/Robotica-2026-1/robot_xyz_ws/install/robot_xyz_control/share/robot_xyz_control/package.zsh'
[2.516s] Level 1:colcon.colcon_core.environment:create_file_with_runtime_dependencies(/home/robousr/Robotica-2026-1/robot_xyz_ws/install/robot_xyz_control/share/colcon-core/packages/robot_xyz_control)
[2.584s] Level 1:colcon.colcon_core.environment:checking '/home/robousr/Robotica-2026-1/robot_xyz_ws/install/robot_xyz_description' for CMake module files
[2.585s] DEBUG:colcon.colcon_core.event_handler.log_command:Invoked command in '/home/robousr/Robotica-2026-1/robot_xyz_ws/src/robot_xyz_description' returned '0': PYTHONPATH=/home/robousr/Robotica-2026-1/robot_xyz_ws/build/robot_xyz_description/prefix_override:/usr/lib/python3/dist-packages/colcon_core/task/python/colcon_distutils_commands:/home/robousr/Robotica-2026-1/robot_xyz_ws/install/robot_xyz_description/lib/python3.10/site-packages:${PYTHONPATH} /usr/bin/python3 -W ignore:setup.py install is deprecated -W ignore:easy_install command is deprecated setup.py egg_info --egg-base ../../build/robot_xyz_description build --build-base /home/robousr/Robotica-2026-1/robot_xyz_ws/build/robot_xyz_description/build install --record /home/robousr/Robotica-2026-1/robot_xyz_ws/build/robot_xyz_description/install.log --single-version-externally-managed install_data
[2.585s] Level 1:colcon.colcon_core.environment:checking '/home/robousr/Robotica-2026-1/robot_xyz_ws/install/robot_xyz_description' for CMake config files
[2.585s] Level 1:colcon.colcon_core.environment:checking '/home/robousr/Robotica-2026-1/robot_xyz_ws/install/robot_xyz_description/lib'
[2.586s] Level 1:colcon.colcon_core.environment:checking '/home/robousr/Robotica-2026-1/robot_xyz_ws/install/robot_xyz_description/bin'
[2.586s] Level 1:colcon.colcon_core.environment:checking '/home/robousr/Robotica-2026-1/robot_xyz_ws/install/robot_xyz_description/lib/pkgconfig/robot_xyz_description.pc'
[2.586s] Level 1:colcon.colcon_core.environment:checking '/home/robousr/Robotica-2026-1/robot_xyz_ws/install/robot_xyz_description/lib/python3.10/site-packages'
[2.586s] Level 1:colcon.colcon_core.shell:create_environment_hook('robot_xyz_description', 'pythonpath')
[2.586s] INFO:colcon.colcon_core.shell:Creating environment hook '/home/robousr/Robotica-2026-1/robot_xyz_ws/install/robot_xyz_description/share/robot_xyz_description/hook/pythonpath.ps1'
[2.587s] INFO:colcon.colcon_core.shell:Creating environment descriptor '/home/robousr/Robotica-2026-1/robot_xyz_ws/install/robot_xyz_description/share/robot_xyz_description/hook/pythonpath.dsv'
[2.587s] INFO:colcon.colcon_core.shell:Creating environment hook '/home/robousr/Robotica-2026-1/robot_xyz_ws/install/robot_xyz_description/share/robot_xyz_description/hook/pythonpath.sh'
[2.588s] Level 1:colcon.colcon_core.environment:checking '/home/robousr/Robotica-2026-1/robot_xyz_ws/install/robot_xyz_description/bin'
[2.588s] Level 1:colcon.colcon_core.environment:create_environment_scripts_only(robot_xyz_description)
[2.588s] INFO:colcon.colcon_core.shell:Creating package script '/home/robousr/Robotica-2026-1/robot_xyz_ws/install/robot_xyz_description/share/robot_xyz_description/package.ps1'
[2.589s] INFO:colcon.colcon_core.shell:Creating package descriptor '/home/robousr/Robotica-2026-1/robot_xyz_ws/install/robot_xyz_description/share/robot_xyz_description/package.dsv'
[2.589s] INFO:colcon.colcon_core.shell:Creating package script '/home/robousr/Robotica-2026-1/robot_xyz_ws/install/robot_xyz_description/share/robot_xyz_description/package.sh'
[2.589s] INFO:colcon.colcon_core.shell:Creating package script '/home/robousr/Robotica-2026-1/robot_xyz_ws/install/robot_xyz_description/share/robot_xyz_description/package.bash'
[2.590s] INFO:colcon.colcon_core.shell:Creating package script '/home/robousr/Robotica-2026-1/robot_xyz_ws/install/robot_xyz_description/share/robot_xyz_description/package.zsh'
[2.590s] Level 1:colcon.colcon_core.environment:create_file_with_runtime_dependencies(/home/robousr/Robotica-2026-1/robot_xyz_ws/install/robot_xyz_description/share/colcon-core/packages/robot_xyz_description)
[2.590s] DEBUG:colcon.colcon_parallel_executor.executor.parallel:closing loop
[2.591s] DEBUG:colcon.colcon_parallel_executor.executor.parallel:loop closed
[2.591s] DEBUG:colcon.colcon_parallel_executor.executor.parallel:run_until_complete finished with '0'
[2.591s] DEBUG:colcon.colcon_core.event_reactor:joining thread
[2.596s] INFO:colcon.colcon_core.plugin_system:Skipping extension 'colcon_notification.desktop_notification.terminal_notifier': Not used on non-Darwin systems
[2.596s] INFO:colcon.colcon_core.plugin_system:Skipping extension 'colcon_notification.desktop_notification.win32': Not used on non-Windows systems
[2.596s] INFO:colcon.colcon_notification.desktop_notification:Sending desktop notification using 'notify2'
[2.625s] DEBUG:colcon.colcon_core.event_reactor:joined thread
[2.626s] INFO:colcon.colcon_core.shell:Creating prefix script '/home/robousr/Robotica-2026-1/robot_xyz_ws/install/local_setup.ps1'
[2.628s] INFO:colcon.colcon_core.shell:Creating prefix util module '/home/robousr/Robotica-2026-1/robot_xyz_ws/install/_local_setup_util_ps1.py'
[2.633s] INFO:colcon.colcon_core.shell:Creating prefix chain script '/home/robousr/Robotica-2026-1/robot_xyz_ws/install/setup.ps1'
[2.635s] INFO:colcon.colcon_core.shell:Creating prefix script '/home/robousr/Robotica-2026-1/robot_xyz_ws/install/local_setup.sh'
[2.636s] INFO:colcon.colcon_core.shell:Creating prefix util module '/home/robousr/Robotica-2026-1/robot_xyz_ws/install/_local_setup_util_sh.py'
[2.637s] INFO:colcon.colcon_core.shell:Creating prefix chain script '/home/robousr/Robotica-2026-1/robot_xyz_ws/install/setup.sh'
[2.641s] INFO:colcon.colcon_core.shell:Creating prefix script '/home/robousr/Robotica-2026-1/robot_xyz_ws/install/local_setup.bash'
[2.642s] INFO:colcon.colcon_core.shell:Creating prefix chain script '/home/robousr/Robotica-2026-1/robot_xyz_ws/install/setup.bash'
[2.643s] INFO:colcon.colcon_core.shell:Creating prefix script '/home/robousr/Robotica-2026-1/robot_xyz_ws/install/local_setup.zsh'
[2.644s] INFO:colcon.colcon_core.shell:Creating prefix chain script '/home/robousr/Robotica-2026-1/robot_xyz_ws/install/setup.zsh'
