[1.710s] Invoking command in '/home/robousr/Robotica-2026-1/robot_xyz_ws/src/robot_xyz_description': PYTHONPATH=/home/robousr/Robotica-2026-1/robot_xyz_ws/build/robot_xyz_description/prefix_override:/usr/lib/python3/dist-packages/colcon_core/task/python/colcon_distutils_commands:/home/robousr/Robotica-2026-1/robot_xyz_ws/install/robot_xyz_description/lib/python3.10/site-packages:${PYTHONPATH} /usr/bin/python3 -W ignore:setup.py install is deprecated -W ignore:easy_install command is deprecated setup.py egg_info --egg-base ../../build/robot_xyz_description build --build-base /home/robousr/Robotica-2026-1/robot_xyz_ws/build/robot_xyz_description/build install --record /home/robousr/Robotica-2026-1/robot_xyz_ws/build/robot_xyz_description/install.log --single-version-externally-managed install_data
[2.114s] running egg_info
[2.115s] creating ../../build/robot_xyz_description/robot_xyz_description.egg-info
[2.115s] writing ../../build/robot_xyz_description/robot_xyz_description.egg-info/PKG-INFO
[2.115s] writing dependency_links to ../../build/robot_xyz_description/robot_xyz_description.egg-info/dependency_links.txt
[2.115s] writing entry points to ../../build/robot_xyz_description/robot_xyz_description.egg-info/entry_points.txt
[2.116s] writing requirements to ../../build/robot_xyz_description/robot_xyz_description.egg-info/requires.txt
[2.116s] writing top-level names to ../../build/robot_xyz_description/robot_xyz_description.egg-info/top_level.txt
[2.116s] writing manifest file '../../build/robot_xyz_description/robot_xyz_description.egg-info/SOURCES.txt'
[2.118s] reading manifest file '../../build/robot_xyz_description/robot_xyz_description.egg-info/SOURCES.txt'
[2.119s] writing manifest file '../../build/robot_xyz_description/robot_xyz_description.egg-info/SOURCES.txt'
[2.119s] running build
[2.119s] running build_py
[2.119s] creating /home/robousr/Robotica-2026-1/robot_xyz_ws/build/robot_xyz_description/build
[2.119s] creating /home/robousr/Robotica-2026-1/robot_xyz_ws/build/robot_xyz_description/build/lib
[2.119s] creating /home/robousr/Robotica-2026-1/robot_xyz_ws/build/robot_xyz_description/build/lib/robot_xyz_description
[2.119s] copying robot_xyz_description/__init__.py -> /home/robousr/Robotica-2026-1/robot_xyz_ws/build/robot_xyz_description/build/lib/robot_xyz_description
[2.119s] running install
[2.120s] running install_lib
[2.121s] creating /home/robousr/Robotica-2026-1/robot_xyz_ws/install/robot_xyz_description/lib/python3.10/site-packages/robot_xyz_description
[2.121s] copying /home/robousr/Robotica-2026-1/robot_xyz_ws/build/robot_xyz_description/build/lib/robot_xyz_description/__init__.py -> /home/robousr/Robotica-2026-1/robot_xyz_ws/install/robot_xyz_description/lib/python3.10/site-packages/robot_xyz_description
[2.121s] byte-compiling /home/robousr/Robotica-2026-1/robot_xyz_ws/install/robot_xyz_description/lib/python3.10/site-packages/robot_xyz_description/__init__.py to __init__.cpython-310.pyc
[2.122s] running install_data
[2.122s] creating /home/robousr/Robotica-2026-1/robot_xyz_ws/install/robot_xyz_description/share/ament_index
[2.122s] creating /home/robousr/Robotica-2026-1/robot_xyz_ws/install/robot_xyz_description/share/ament_index/resource_index
[2.122s] creating /home/robousr/Robotica-2026-1/robot_xyz_ws/install/robot_xyz_description/share/ament_index/resource_index/packages
[2.122s] copying resource/robot_xyz_description -> /home/robousr/Robotica-2026-1/robot_xyz_ws/install/robot_xyz_description/share/ament_index/resource_index/packages
[2.122s] copying package.xml -> /home/robousr/Robotica-2026-1/robot_xyz_ws/install/robot_xyz_description/share/robot_xyz_description
[2.122s] creating /home/robousr/Robotica-2026-1/robot_xyz_ws/install/robot_xyz_description/share/robot_xyz_description/urdf
[2.123s] copying urdf/xyz_robot.urdf -> /home/robousr/Robotica-2026-1/robot_xyz_ws/install/robot_xyz_description/share/robot_xyz_description/urdf
[2.123s] copying urdf/rrr_robot.urdf -> /home/robousr/Robotica-2026-1/robot_xyz_ws/install/robot_xyz_description/share/robot_xyz_description/urdf
[2.123s] creating /home/robousr/Robotica-2026-1/robot_xyz_ws/install/robot_xyz_description/share/robot_xyz_description/rviz
[2.123s] copying rviz/rviz_config.rviz -> /home/robousr/Robotica-2026-1/robot_xyz_ws/install/robot_xyz_description/share/robot_xyz_description/rviz
[2.123s] running install_egg_info
[2.125s] Copying ../../build/robot_xyz_description/robot_xyz_description.egg-info to /home/robousr/Robotica-2026-1/robot_xyz_ws/install/robot_xyz_description/lib/python3.10/site-packages/robot_xyz_description-0.0.0-py3.10.egg-info
[2.126s] running install_scripts
[2.147s] writing list of installed files to '/home/robousr/Robotica-2026-1/robot_xyz_ws/build/robot_xyz_description/install.log'
[2.182s] Invoked command in '/home/robousr/Robotica-2026-1/robot_xyz_ws/src/robot_xyz_description' returned '0': PYTHONPATH=/home/robousr/Robotica-2026-1/robot_xyz_ws/build/robot_xyz_description/prefix_override:/usr/lib/python3/dist-packages/colcon_core/task/python/colcon_distutils_commands:/home/robousr/Robotica-2026-1/robot_xyz_ws/install/robot_xyz_description/lib/python3.10/site-packages:${PYTHONPATH} /usr/bin/python3 -W ignore:setup.py install is deprecated -W ignore:easy_install command is deprecated setup.py egg_info --egg-base ../../build/robot_xyz_description build --build-base /home/robousr/Robotica-2026-1/robot_xyz_ws/build/robot_xyz_description/build install --record /home/robousr/Robotica-2026-1/robot_xyz_ws/build/robot_xyz_description/install.log --single-version-externally-managed install_data
