[1.658s] Invoking command in '/home/robousr/Robotica-2026-1/robot_xyz_ws/src/robot_xyz_control': PYTHONPATH=/home/robousr/Robotica-2026-1/robot_xyz_ws/build/robot_xyz_control/prefix_override:/usr/lib/python3/dist-packages/colcon_core/task/python/colcon_distutils_commands:/home/robousr/Robotica-2026-1/robot_xyz_ws/install/robot_xyz_control/lib/python3.10/site-packages:${PYTHONPATH} /usr/bin/python3 -W ignore:setup.py install is deprecated -W ignore:easy_install command is deprecated setup.py egg_info --egg-base ../../build/robot_xyz_control build --build-base /home/robousr/Robotica-2026-1/robot_xyz_ws/build/robot_xyz_control/build install --record /home/robousr/Robotica-2026-1/robot_xyz_ws/build/robot_xyz_control/install.log --single-version-externally-managed install_data
[1.997s] running egg_info
[1.997s] writing ../../build/robot_xyz_control/robot_xyz_control.egg-info/PKG-INFO
[1.998s] writing dependency_links to ../../build/robot_xyz_control/robot_xyz_control.egg-info/dependency_links.txt
[1.998s] writing entry points to ../../build/robot_xyz_control/robot_xyz_control.egg-info/entry_points.txt
[1.998s] writing requirements to ../../build/robot_xyz_control/robot_xyz_control.egg-info/requires.txt
[1.998s] writing top-level names to ../../build/robot_xyz_control/robot_xyz_control.egg-info/top_level.txt
[2.001s] reading manifest file '../../build/robot_xyz_control/robot_xyz_control.egg-info/SOURCES.txt'
[2.002s] writing manifest file '../../build/robot_xyz_control/robot_xyz_control.egg-info/SOURCES.txt'
[2.002s] running build
[2.002s] running build_py
[2.002s] running install
[2.002s] running install_lib
[2.004s] running install_data
[2.004s] running install_egg_info
[2.006s] removing '/home/robousr/Robotica-2026-1/robot_xyz_ws/install/robot_xyz_control/lib/python3.10/site-packages/robot_xyz_control-0.0.0-py3.10.egg-info' (and everything under it)
[2.006s] Copying ../../build/robot_xyz_control/robot_xyz_control.egg-info to /home/robousr/Robotica-2026-1/robot_xyz_ws/install/robot_xyz_control/lib/python3.10/site-packages/robot_xyz_control-0.0.0-py3.10.egg-info
[2.007s] running install_scripts
[2.028s] Installing controller_manager script to /home/robousr/Robotica-2026-1/robot_xyz_ws/install/robot_xyz_control/lib/robot_xyz_control
[2.028s] Installing hardware_interface script to /home/robousr/Robotica-2026-1/robot_xyz_ws/install/robot_xyz_control/lib/robot_xyz_control
[2.029s] Installing manipulator_controller script to /home/robousr/Robotica-2026-1/robot_xyz_ws/install/robot_xyz_control/lib/robot_xyz_control
[2.029s] writing list of installed files to '/home/robousr/Robotica-2026-1/robot_xyz_ws/build/robot_xyz_control/install.log'
[2.067s] Invoked command in '/home/robousr/Robotica-2026-1/robot_xyz_ws/src/robot_xyz_control' returned '0': PYTHONPATH=/home/robousr/Robotica-2026-1/robot_xyz_ws/build/robot_xyz_control/prefix_override:/usr/lib/python3/dist-packages/colcon_core/task/python/colcon_distutils_commands:/home/robousr/Robotica-2026-1/robot_xyz_ws/install/robot_xyz_control/lib/python3.10/site-packages:${PYTHONPATH} /usr/bin/python3 -W ignore:setup.py install is deprecated -W ignore:easy_install command is deprecated setup.py egg_info --egg-base ../../build/robot_xyz_control build --build-base /home/robousr/Robotica-2026-1/robot_xyz_ws/build/robot_xyz_control/build install --record /home/robousr/Robotica-2026-1/robot_xyz_ws/build/robot_xyz_control/install.log --single-version-externally-managed install_data
