[1.729s] Invoking command in '/home/robousr/Robotica-2026-1/proyecto_Robot1/Robot_1/src/robot1_bringup': PYTHONPATH=/home/robousr/Robotica-2026-1/proyecto_Robot1/Robot_1/build/robot1_bringup/prefix_override:/usr/lib/python3/dist-packages/colcon_core/task/python/colcon_distutils_commands:/home/robousr/Robotica-2026-1/proyecto_Robot1/Robot_1/install/robot1_bringup/lib/python3.10/site-packages:${PYTHONPATH} /usr/bin/python3 -W ignore:setup.py install is deprecated -W ignore:easy_install command is deprecated setup.py egg_info --egg-base ../../build/robot1_bringup build --build-base /home/robousr/Robotica-2026-1/proyecto_Robot1/Robot_1/build/robot1_bringup/build install --record /home/robousr/Robotica-2026-1/proyecto_Robot1/Robot_1/build/robot1_bringup/install.log --single-version-externally-managed install_data
[2.093s] running egg_info
[2.095s] writing ../../build/robot1_bringup/robot1_bringup.egg-info/PKG-INFO
[2.095s] writing dependency_links to ../../build/robot1_bringup/robot1_bringup.egg-info/dependency_links.txt
[2.095s] writing entry points to ../../build/robot1_bringup/robot1_bringup.egg-info/entry_points.txt
[2.095s] writing requirements to ../../build/robot1_bringup/robot1_bringup.egg-info/requires.txt
[2.095s] writing top-level names to ../../build/robot1_bringup/robot1_bringup.egg-info/top_level.txt
[2.097s] reading manifest file '../../build/robot1_bringup/robot1_bringup.egg-info/SOURCES.txt'
[2.100s] writing manifest file '../../build/robot1_bringup/robot1_bringup.egg-info/SOURCES.txt'
[2.102s] running build
[2.103s] running build_py
[2.103s] running install
[2.103s] running install_lib
[2.103s] running install_data
[2.103s] copying launch/robot1.launch.py -> /home/robousr/Robotica-2026-1/proyecto_Robot1/Robot_1/install/robot1_bringup/share/robot1_bringup/launch
[2.103s] running install_egg_info
[2.106s] removing '/home/robousr/Robotica-2026-1/proyecto_Robot1/Robot_1/install/robot1_bringup/lib/python3.10/site-packages/robot1_bringup-0.0.0-py3.10.egg-info' (and everything under it)
[2.107s] Copying ../../build/robot1_bringup/robot1_bringup.egg-info to /home/robousr/Robotica-2026-1/proyecto_Robot1/Robot_1/install/robot1_bringup/lib/python3.10/site-packages/robot1_bringup-0.0.0-py3.10.egg-info
[2.110s] running install_scripts
[2.135s] writing list of installed files to '/home/robousr/Robotica-2026-1/proyecto_Robot1/Robot_1/build/robot1_bringup/install.log'
[2.175s] Invoked command in '/home/robousr/Robotica-2026-1/proyecto_Robot1/Robot_1/src/robot1_bringup' returned '0': PYTHONPATH=/home/robousr/Robotica-2026-1/proyecto_Robot1/Robot_1/build/robot1_bringup/prefix_override:/usr/lib/python3/dist-packages/colcon_core/task/python/colcon_distutils_commands:/home/robousr/Robotica-2026-1/proyecto_Robot1/Robot_1/install/robot1_bringup/lib/python3.10/site-packages:${PYTHONPATH} /usr/bin/python3 -W ignore:setup.py install is deprecated -W ignore:easy_install command is deprecated setup.py egg_info --egg-base ../../build/robot1_bringup build --build-base /home/robousr/Robotica-2026-1/proyecto_Robot1/Robot_1/build/robot1_bringup/build install --record /home/robousr/Robotica-2026-1/proyecto_Robot1/Robot_1/build/robot1_bringup/install.log --single-version-externally-managed install_data
