/home/robousr/Robot_1/install/robot1_controler/lib/python3.10/site-packages/robot1_controler/controller_manager.py
/home/robousr/Robot_1/install/robot1_controler/lib/python3.10/site-packages/robot1_controler/dynamics.py
/home/robousr/Robot_1/install/robot1_controler/lib/python3.10/site-packages/robot1_controler/__init__.py
/home/robousr/Robot_1/install/robot1_controler/lib/python3.10/site-packages/robot1_controler/manipulator_controller.py
/home/robousr/Robot_1/install/robot1_controler/lib/python3.10/site-packages/robot1_controler/hardware_interface.py
/home/robousr/Robot_1/install/robot1_controler/lib/python3.10/site-packages/robot1_controler/kinematics.py
/home/robousr/Robot_1/install/robot1_controler/lib/python3.10/site-packages/robot1_controler/__pycache__/controller_manager.cpython-310.pyc
/home/robousr/Robot_1/install/robot1_controler/lib/python3.10/site-packages/robot1_controler/__pycache__/dynamics.cpython-310.pyc
/home/robousr/Robot_1/install/robot1_controler/lib/python3.10/site-packages/robot1_controler/__pycache__/__init__.cpython-310.pyc
/home/robousr/Robot_1/install/robot1_controler/lib/python3.10/site-packages/robot1_controler/__pycache__/manipulator_controller.cpython-310.pyc
/home/robousr/Robot_1/install/robot1_controler/lib/python3.10/site-packages/robot1_controler/__pycache__/hardware_interface.cpython-310.pyc
/home/robousr/Robot_1/install/robot1_controler/lib/python3.10/site-packages/robot1_controler/__pycache__/kinematics.cpython-310.pyc
/home/robousr/Robot_1/install/robot1_controler/share/ament_index/resource_index/packages/robot1_controler
/home/robousr/Robot_1/install/robot1_controler/share/robot1_controler/package.xml
/home/robousr/Robot_1/install/robot1_controler/lib/python3.10/site-packages/robot1_controler-0.0.0-py3.10.egg-info/dependency_links.txt
/home/robousr/Robot_1/install/robot1_controler/lib/python3.10/site-packages/robot1_controler-0.0.0-py3.10.egg-info/PKG-INFO
/home/robousr/Robot_1/install/robot1_controler/lib/python3.10/site-packages/robot1_controler-0.0.0-py3.10.egg-info/zip-safe
/home/robousr/Robot_1/install/robot1_controler/lib/python3.10/site-packages/robot1_controler-0.0.0-py3.10.egg-info/entry_points.txt
/home/robousr/Robot_1/install/robot1_controler/lib/python3.10/site-packages/robot1_controler-0.0.0-py3.10.egg-info/top_level.txt
/home/robousr/Robot_1/install/robot1_controler/lib/python3.10/site-packages/robot1_controler-0.0.0-py3.10.egg-info/SOURCES.txt
/home/robousr/Robot_1/install/robot1_controler/lib/python3.10/site-packages/robot1_controler-0.0.0-py3.10.egg-info/requires.txt
/home/robousr/Robot_1/install/robot1_controler/lib/robot1_controler/controller_manager
/home/robousr/Robot_1/install/robot1_controler/lib/robot1_controler/hardware_interface
/home/robousr/Robot_1/install/robot1_controler/lib/robot1_controler/manipulator_controller
