[0.113s] DEBUG:colcon:Command line arguments: ['/usr/bin/colcon', 'build']
[0.113s] DEBUG:colcon:Parsed command line arguments: Namespace(log_base=None, log_level=None, verb_name='build', build_base='build', install_base='install', merge_install=False, symlink_install=False, test_result_base=None, continue_on_error=False, executor='parallel', parallel_workers=4, event_handlers=None, ignore_user_meta=False, metas=['./colcon.meta'], base_paths=['.'], packages_ignore=None, packages_ignore_regex=None, paths=None, packages_up_to=None, packages_up_to_regex=None, packages_above=None, packages_above_and_dependencies=None, packages_above_depth=None, packages_select_by_dep=None, packages_skip_by_dep=None, packages_skip_up_to=None, packages_select_build_failed=False, packages_skip_build_finished=False, packages_select_test_failures=False, packages_skip_test_passed=False, packages_select=None, packages_skip=None, packages_select_regex=None, packages_skip_regex=None, packages_start=None, packages_end=None, allow_overriding=[], cmake_args=None, cmake_target=None, cmake_target_skip_unavailable=False, cmake_clean_cache=False, cmake_clean_first=False, cmake_force_configure=False, ament_cmake_args=None, catkin_cmake_args=None, catkin_skip_building_tests=False, mixin_files=None, mixin=None, verb_parser=<colcon_mixin.mixin.mixin_argument.MixinArgumentDecorator object at 0x7e0a801889a0>, verb_extension=<colcon_core.verb.build.BuildVerb object at 0x7e0a80188220>, main=<bound method BuildVerb.main of <colcon_core.verb.build.BuildVerb object at 0x7e0a80188220>>, mixin_verb=('build',))
[0.330s] Level 1:colcon.colcon_core.package_discovery:discover_packages(colcon_meta) check parameters
[0.330s] Level 1:colcon.colcon_core.package_discovery:discover_packages(recursive) check parameters
[0.330s] Level 1:colcon.colcon_core.package_discovery:discover_packages(ignore) check parameters
[0.330s] Level 1:colcon.colcon_core.package_discovery:discover_packages(path) check parameters
[0.330s] Level 1:colcon.colcon_core.package_discovery:discover_packages(colcon_meta) discover
[0.330s] Level 1:colcon.colcon_core.package_discovery:discover_packages(recursive) discover
[0.330s] INFO:colcon.colcon_core.package_discovery:Crawling recursively for packages in '/home/robousr/Robotica-2026-1/proyecto_Robot1/Robot_1'
[0.330s] Level 1:colcon.colcon_core.package_identification:_identify(.) by extensions ['ignore', 'ignore_ament_install']
[0.330s] Level 1:colcon.colcon_core.package_identification:_identify(.) by extension 'ignore'
[0.331s] Level 1:colcon.colcon_core.package_identification:_identify(.) by extension 'ignore_ament_install'
[0.331s] Level 1:colcon.colcon_core.package_identification:_identify(.) by extensions ['colcon_pkg']
[0.331s] Level 1:colcon.colcon_core.package_identification:_identify(.) by extension 'colcon_pkg'
[0.331s] Level 1:colcon.colcon_core.package_identification:_identify(.) by extensions ['colcon_meta']
[0.331s] Level 1:colcon.colcon_core.package_identification:_identify(.) by extension 'colcon_meta'
[0.331s] Level 1:colcon.colcon_core.package_identification:_identify(.) by extensions ['ros']
[0.331s] Level 1:colcon.colcon_core.package_identification:_identify(.) by extension 'ros'
[0.354s] Level 1:colcon.colcon_core.package_identification:_identify(.) by extensions ['cmake', 'python']
[0.354s] Level 1:colcon.colcon_core.package_identification:_identify(.) by extension 'cmake'
[0.355s] Level 1:colcon.colcon_core.package_identification:_identify(.) by extension 'python'
[0.355s] Level 1:colcon.colcon_core.package_identification:_identify(.) by extensions ['python_setup_py']
[0.355s] Level 1:colcon.colcon_core.package_identification:_identify(.) by extension 'python_setup_py'
[0.355s] Level 1:colcon.colcon_core.package_identification:_identify(build) by extensions ['ignore', 'ignore_ament_install']
[0.355s] Level 1:colcon.colcon_core.package_identification:_identify(build) by extension 'ignore'
[0.355s] Level 1:colcon.colcon_core.package_identification:_identify(build) ignored
[0.355s] Level 1:colcon.colcon_core.package_identification:_identify(install) by extensions ['ignore', 'ignore_ament_install']
[0.355s] Level 1:colcon.colcon_core.package_identification:_identify(install) by extension 'ignore'
[0.355s] Level 1:colcon.colcon_core.package_identification:_identify(install) ignored
[0.355s] Level 1:colcon.colcon_core.package_identification:_identify(log) by extensions ['ignore', 'ignore_ament_install']
[0.355s] Level 1:colcon.colcon_core.package_identification:_identify(log) by extension 'ignore'
[0.355s] Level 1:colcon.colcon_core.package_identification:_identify(log) ignored
[0.355s] Level 1:colcon.colcon_core.package_identification:_identify(src) by extensions ['ignore', 'ignore_ament_install']
[0.356s] Level 1:colcon.colcon_core.package_identification:_identify(src) by extension 'ignore'
[0.356s] Level 1:colcon.colcon_core.package_identification:_identify(src) by extension 'ignore_ament_install'
[0.356s] Level 1:colcon.colcon_core.package_identification:_identify(src) by extensions ['colcon_pkg']
[0.356s] Level 1:colcon.colcon_core.package_identification:_identify(src) by extension 'colcon_pkg'
[0.356s] Level 1:colcon.colcon_core.package_identification:_identify(src) by extensions ['colcon_meta']
[0.356s] Level 1:colcon.colcon_core.package_identification:_identify(src) by extension 'colcon_meta'
[0.356s] Level 1:colcon.colcon_core.package_identification:_identify(src) by extensions ['ros']
[0.356s] Level 1:colcon.colcon_core.package_identification:_identify(src) by extension 'ros'
[0.356s] Level 1:colcon.colcon_core.package_identification:_identify(src) by extensions ['cmake', 'python']
[0.356s] Level 1:colcon.colcon_core.package_identification:_identify(src) by extension 'cmake'
[0.356s] Level 1:colcon.colcon_core.package_identification:_identify(src) by extension 'python'
[0.356s] Level 1:colcon.colcon_core.package_identification:_identify(src) by extensions ['python_setup_py']
[0.356s] Level 1:colcon.colcon_core.package_identification:_identify(src) by extension 'python_setup_py'
[0.356s] Level 1:colcon.colcon_core.package_identification:_identify(src/my_robot_descripction) by extensions ['ignore', 'ignore_ament_install']
[0.356s] Level 1:colcon.colcon_core.package_identification:_identify(src/my_robot_descripction) by extension 'ignore'
[0.356s] Level 1:colcon.colcon_core.package_identification:_identify(src/my_robot_descripction) by extension 'ignore_ament_install'
[0.356s] Level 1:colcon.colcon_core.package_identification:_identify(src/my_robot_descripction) by extensions ['colcon_pkg']
[0.356s] Level 1:colcon.colcon_core.package_identification:_identify(src/my_robot_descripction) by extension 'colcon_pkg'
[0.356s] Level 1:colcon.colcon_core.package_identification:_identify(src/my_robot_descripction) by extensions ['colcon_meta']
[0.356s] Level 1:colcon.colcon_core.package_identification:_identify(src/my_robot_descripction) by extension 'colcon_meta'
[0.357s] Level 1:colcon.colcon_core.package_identification:_identify(src/my_robot_descripction) by extensions ['ros']
[0.357s] Level 1:colcon.colcon_core.package_identification:_identify(src/my_robot_descripction) by extension 'ros'
[0.359s] DEBUG:colcon.colcon_core.package_identification:Package 'src/my_robot_descripction' with type 'ros.ament_python' and name 'my_robot_descripction'
[0.359s] Level 1:colcon.colcon_core.package_identification:_identify(src/robot1_bringup) by extensions ['ignore', 'ignore_ament_install']
[0.359s] Level 1:colcon.colcon_core.package_identification:_identify(src/robot1_bringup) by extension 'ignore'
[0.359s] Level 1:colcon.colcon_core.package_identification:_identify(src/robot1_bringup) by extension 'ignore_ament_install'
[0.359s] Level 1:colcon.colcon_core.package_identification:_identify(src/robot1_bringup) by extensions ['colcon_pkg']
[0.359s] Level 1:colcon.colcon_core.package_identification:_identify(src/robot1_bringup) by extension 'colcon_pkg'
[0.359s] Level 1:colcon.colcon_core.package_identification:_identify(src/robot1_bringup) by extensions ['colcon_meta']
[0.359s] Level 1:colcon.colcon_core.package_identification:_identify(src/robot1_bringup) by extension 'colcon_meta'
[0.359s] Level 1:colcon.colcon_core.package_identification:_identify(src/robot1_bringup) by extensions ['ros']
[0.360s] Level 1:colcon.colcon_core.package_identification:_identify(src/robot1_bringup) by extension 'ros'
[0.360s] DEBUG:colcon.colcon_core.package_identification:Package 'src/robot1_bringup' with type 'ros.ament_python' and name 'robot1_bringup'
[0.360s] Level 1:colcon.colcon_core.package_identification:_identify(src/robot1_controler) by extensions ['ignore', 'ignore_ament_install']
[0.360s] Level 1:colcon.colcon_core.package_identification:_identify(src/robot1_controler) by extension 'ignore'
[0.360s] Level 1:colcon.colcon_core.package_identification:_identify(src/robot1_controler) by extension 'ignore_ament_install'
[0.360s] Level 1:colcon.colcon_core.package_identification:_identify(src/robot1_controler) by extensions ['colcon_pkg']
[0.360s] Level 1:colcon.colcon_core.package_identification:_identify(src/robot1_controler) by extension 'colcon_pkg'
[0.360s] Level 1:colcon.colcon_core.package_identification:_identify(src/robot1_controler) by extensions ['colcon_meta']
[0.360s] Level 1:colcon.colcon_core.package_identification:_identify(src/robot1_controler) by extension 'colcon_meta'
[0.361s] Level 1:colcon.colcon_core.package_identification:_identify(src/robot1_controler) by extensions ['ros']
[0.361s] Level 1:colcon.colcon_core.package_identification:_identify(src/robot1_controler) by extension 'ros'
[0.361s] DEBUG:colcon.colcon_core.package_identification:Package 'src/robot1_controler' with type 'ros.ament_python' and name 'robot1_controler'
[0.361s] Level 1:colcon.colcon_core.package_discovery:discover_packages(recursive) using defaults
[0.361s] Level 1:colcon.colcon_core.package_discovery:discover_packages(ignore) discover
[0.361s] Level 1:colcon.colcon_core.package_discovery:discover_packages(ignore) using defaults
[0.361s] Level 1:colcon.colcon_core.package_discovery:discover_packages(path) discover
[0.361s] Level 1:colcon.colcon_core.package_discovery:discover_packages(path) using defaults
[0.380s] Level 1:colcon.colcon_core.package_discovery:discover_packages(prefix_path) check parameters
[0.380s] Level 1:colcon.colcon_core.package_discovery:discover_packages(prefix_path) discover
[0.382s] DEBUG:colcon.colcon_installed_package_information.package_discovery:Found 3 installed packages in /home/robousr/Robotica-2026-1/robot_xyz_ws/install
[0.385s] DEBUG:colcon.colcon_installed_package_information.package_discovery:Found 432 installed packages in /opt/ros/humble
[0.387s] Level 1:colcon.colcon_core.package_discovery:discover_packages(prefix_path) using defaults
[0.442s] Level 5:colcon.colcon_core.verb:set package 'my_robot_descripction' build argument 'cmake_args' from command line to 'None'
[0.442s] Level 5:colcon.colcon_core.verb:set package 'my_robot_descripction' build argument 'cmake_target' from command line to 'None'
[0.442s] Level 5:colcon.colcon_core.verb:set package 'my_robot_descripction' build argument 'cmake_target_skip_unavailable' from command line to 'False'
[0.442s] Level 5:colcon.colcon_core.verb:set package 'my_robot_descripction' build argument 'cmake_clean_cache' from command line to 'False'
[0.442s] Level 5:colcon.colcon_core.verb:set package 'my_robot_descripction' build argument 'cmake_clean_first' from command line to 'False'
[0.442s] Level 5:colcon.colcon_core.verb:set package 'my_robot_descripction' build argument 'cmake_force_configure' from command line to 'False'
[0.442s] Level 5:colcon.colcon_core.verb:set package 'my_robot_descripction' build argument 'ament_cmake_args' from command line to 'None'
[0.442s] Level 5:colcon.colcon_core.verb:set package 'my_robot_descripction' build argument 'catkin_cmake_args' from command line to 'None'
[0.442s] Level 5:colcon.colcon_core.verb:set package 'my_robot_descripction' build argument 'catkin_skip_building_tests' from command line to 'False'
[0.442s] DEBUG:colcon.colcon_core.verb:Building package 'my_robot_descripction' with the following arguments: {'ament_cmake_args': None, 'build_base': '/home/robousr/Robotica-2026-1/proyecto_Robot1/Robot_1/build/my_robot_descripction', 'catkin_cmake_args': None, 'catkin_skip_building_tests': False, 'cmake_args': None, 'cmake_clean_cache': False, 'cmake_clean_first': False, 'cmake_force_configure': False, 'cmake_target': None, 'cmake_target_skip_unavailable': False, 'install_base': '/home/robousr/Robotica-2026-1/proyecto_Robot1/Robot_1/install/my_robot_descripction', 'merge_install': False, 'path': '/home/robousr/Robotica-2026-1/proyecto_Robot1/Robot_1/src/my_robot_descripction', 'symlink_install': False, 'test_result_base': None}
[0.442s] Level 5:colcon.colcon_core.verb:set package 'robot1_bringup' build argument 'cmake_args' from command line to 'None'
[0.442s] Level 5:colcon.colcon_core.verb:set package 'robot1_bringup' build argument 'cmake_target' from command line to 'None'
[0.442s] Level 5:colcon.colcon_core.verb:set package 'robot1_bringup' build argument 'cmake_target_skip_unavailable' from command line to 'False'
[0.442s] Level 5:colcon.colcon_core.verb:set package 'robot1_bringup' build argument 'cmake_clean_cache' from command line to 'False'
[0.442s] Level 5:colcon.colcon_core.verb:set package 'robot1_bringup' build argument 'cmake_clean_first' from command line to 'False'
[0.442s] Level 5:colcon.colcon_core.verb:set package 'robot1_bringup' build argument 'cmake_force_configure' from command line to 'False'
[0.442s] Level 5:colcon.colcon_core.verb:set package 'robot1_bringup' build argument 'ament_cmake_args' from command line to 'None'
[0.442s] Level 5:colcon.colcon_core.verb:set package 'robot1_bringup' build argument 'catkin_cmake_args' from command line to 'None'
[0.442s] Level 5:colcon.colcon_core.verb:set package 'robot1_bringup' build argument 'catkin_skip_building_tests' from command line to 'False'
[0.442s] DEBUG:colcon.colcon_core.verb:Building package 'robot1_bringup' with the following arguments: {'ament_cmake_args': None, 'build_base': '/home/robousr/Robotica-2026-1/proyecto_Robot1/Robot_1/build/robot1_bringup', 'catkin_cmake_args': None, 'catkin_skip_building_tests': False, 'cmake_args': None, 'cmake_clean_cache': False, 'cmake_clean_first': False, 'cmake_force_configure': False, 'cmake_target': None, 'cmake_target_skip_unavailable': False, 'install_base': '/home/robousr/Robotica-2026-1/proyecto_Robot1/Robot_1/install/robot1_bringup', 'merge_install': False, 'path': '/home/robousr/Robotica-2026-1/proyecto_Robot1/Robot_1/src/robot1_bringup', 'symlink_install': False, 'test_result_base': None}
[0.443s] Level 5:colcon.colcon_core.verb:set package 'robot1_controler' build argument 'cmake_args' from command line to 'None'
[0.443s] Level 5:colcon.colcon_core.verb:set package 'robot1_controler' build argument 'cmake_target' from command line to 'None'
[0.443s] Level 5:colcon.colcon_core.verb:set package 'robot1_controler' build argument 'cmake_target_skip_unavailable' from command line to 'False'
[0.443s] Level 5:colcon.colcon_core.verb:set package 'robot1_controler' build argument 'cmake_clean_cache' from command line to 'False'
[0.443s] Level 5:colcon.colcon_core.verb:set package 'robot1_controler' build argument 'cmake_clean_first' from command line to 'False'
[0.443s] Level 5:colcon.colcon_core.verb:set package 'robot1_controler' build argument 'cmake_force_configure' from command line to 'False'
[0.443s] Level 5:colcon.colcon_core.verb:set package 'robot1_controler' build argument 'ament_cmake_args' from command line to 'None'
[0.443s] Level 5:colcon.colcon_core.verb:set package 'robot1_controler' build argument 'catkin_cmake_args' from command line to 'None'
[0.443s] Level 5:colcon.colcon_core.verb:set package 'robot1_controler' build argument 'catkin_skip_building_tests' from command line to 'False'
[0.443s] DEBUG:colcon.colcon_core.verb:Building package 'robot1_controler' with the following arguments: {'ament_cmake_args': None, 'build_base': '/home/robousr/Robotica-2026-1/proyecto_Robot1/Robot_1/build/robot1_controler', 'catkin_cmake_args': None, 'catkin_skip_building_tests': False, 'cmake_args': None, 'cmake_clean_cache': False, 'cmake_clean_first': False, 'cmake_force_configure': False, 'cmake_target': None, 'cmake_target_skip_unavailable': False, 'install_base': '/home/robousr/Robotica-2026-1/proyecto_Robot1/Robot_1/install/robot1_controler', 'merge_install': False, 'path': '/home/robousr/Robotica-2026-1/proyecto_Robot1/Robot_1/src/robot1_controler', 'symlink_install': False, 'test_result_base': None}
[0.443s] INFO:colcon.colcon_core.executor:Executing jobs using 'parallel' executor
[0.444s] DEBUG:colcon.colcon_parallel_executor.executor.parallel:run_until_complete
[0.444s] INFO:colcon.colcon_ros.task.ament_python.build:Building ROS package in '/home/robousr/Robotica-2026-1/proyecto_Robot1/Robot_1/src/my_robot_descripction' with build type 'ament_python'
[0.445s] Level 1:colcon.colcon_core.shell:create_environment_hook('my_robot_descripction', 'ament_prefix_path')
[0.447s] INFO:colcon.colcon_core.plugin_system:Skipping extension 'colcon_core.shell.bat': Not used on non-Windows systems
[0.447s] INFO:colcon.colcon_core.shell:Creating environment hook '/home/robousr/Robotica-2026-1/proyecto_Robot1/Robot_1/install/my_robot_descripction/share/my_robot_descripction/hook/ament_prefix_path.ps1'
[0.448s] INFO:colcon.colcon_core.shell:Creating environment descriptor '/home/robousr/Robotica-2026-1/proyecto_Robot1/Robot_1/install/my_robot_descripction/share/my_robot_descripction/hook/ament_prefix_path.dsv'
[0.448s] INFO:colcon.colcon_core.shell:Creating environment hook '/home/robousr/Robotica-2026-1/proyecto_Robot1/Robot_1/install/my_robot_descripction/share/my_robot_descripction/hook/ament_prefix_path.sh'
[0.449s] INFO:colcon.colcon_core.shell:Skip shell extension 'powershell' for command environment: Not usable outside of PowerShell
[0.449s] DEBUG:colcon.colcon_core.shell:Skip shell extension 'dsv' for command environment
[0.452s] INFO:colcon.colcon_ros.task.ament_python.build:Building ROS package in '/home/robousr/Robotica-2026-1/proyecto_Robot1/Robot_1/src/robot1_bringup' with build type 'ament_python'
[0.453s] Level 1:colcon.colcon_core.shell:create_environment_hook('robot1_bringup', 'ament_prefix_path')
[0.453s] INFO:colcon.colcon_core.shell:Creating environment hook '/home/robousr/Robotica-2026-1/proyecto_Robot1/Robot_1/install/robot1_bringup/share/robot1_bringup/hook/ament_prefix_path.ps1'
[0.453s] INFO:colcon.colcon_core.shell:Creating environment descriptor '/home/robousr/Robotica-2026-1/proyecto_Robot1/Robot_1/install/robot1_bringup/share/robot1_bringup/hook/ament_prefix_path.dsv'
[0.454s] INFO:colcon.colcon_core.shell:Creating environment hook '/home/robousr/Robotica-2026-1/proyecto_Robot1/Robot_1/install/robot1_bringup/share/robot1_bringup/hook/ament_prefix_path.sh'
[0.454s] INFO:colcon.colcon_core.shell:Skip shell extension 'powershell' for command environment: Not usable outside of PowerShell
[0.454s] DEBUG:colcon.colcon_core.shell:Skip shell extension 'dsv' for command environment
[0.458s] INFO:colcon.colcon_ros.task.ament_python.build:Building ROS package in '/home/robousr/Robotica-2026-1/proyecto_Robot1/Robot_1/src/robot1_controler' with build type 'ament_python'
[0.458s] Level 1:colcon.colcon_core.shell:create_environment_hook('robot1_controler', 'ament_prefix_path')
[0.458s] INFO:colcon.colcon_core.shell:Creating environment hook '/home/robousr/Robotica-2026-1/proyecto_Robot1/Robot_1/install/robot1_controler/share/robot1_controler/hook/ament_prefix_path.ps1'
[0.459s] INFO:colcon.colcon_core.shell:Creating environment descriptor '/home/robousr/Robotica-2026-1/proyecto_Robot1/Robot_1/install/robot1_controler/share/robot1_controler/hook/ament_prefix_path.dsv'
[0.459s] INFO:colcon.colcon_core.shell:Creating environment hook '/home/robousr/Robotica-2026-1/proyecto_Robot1/Robot_1/install/robot1_controler/share/robot1_controler/hook/ament_prefix_path.sh'
[0.460s] INFO:colcon.colcon_core.shell:Skip shell extension 'powershell' for command environment: Not usable outside of PowerShell
[0.460s] DEBUG:colcon.colcon_core.shell:Skip shell extension 'dsv' for command environment
[0.786s] INFO:colcon.colcon_core.task.python.build:Building Python package in '/home/robousr/Robotica-2026-1/proyecto_Robot1/Robot_1/src/my_robot_descripction'
[0.787s] INFO:colcon.colcon_core.shell:Skip shell extension 'powershell' for command environment: Not usable outside of PowerShell
[0.787s] DEBUG:colcon.colcon_core.shell:Skip shell extension 'dsv' for command environment
[1.099s] INFO:colcon.colcon_core.task.python.build:Building Python package in '/home/robousr/Robotica-2026-1/proyecto_Robot1/Robot_1/src/robot1_bringup'
[1.099s] INFO:colcon.colcon_core.shell:Skip shell extension 'powershell' for command environment: Not usable outside of PowerShell
[1.099s] DEBUG:colcon.colcon_core.shell:Skip shell extension 'dsv' for command environment
[1.420s] INFO:colcon.colcon_core.task.python.build:Building Python package in '/home/robousr/Robotica-2026-1/proyecto_Robot1/Robot_1/src/robot1_controler'
[1.420s] INFO:colcon.colcon_core.shell:Skip shell extension 'powershell' for command environment: Not usable outside of PowerShell
[1.420s] DEBUG:colcon.colcon_core.shell:Skip shell extension 'dsv' for command environment
[2.006s] DEBUG:colcon.colcon_core.event_handler.log_command:Invoking command in '/home/robousr/Robotica-2026-1/proyecto_Robot1/Robot_1/src/robot1_controler': PYTHONPATH=/home/robousr/Robotica-2026-1/proyecto_Robot1/Robot_1/build/robot1_controler/prefix_override:/usr/lib/python3/dist-packages/colcon_core/task/python/colcon_distutils_commands:/home/robousr/Robotica-2026-1/proyecto_Robot1/Robot_1/install/robot1_controler/lib/python3.10/site-packages:${PYTHONPATH} /usr/bin/python3 -W ignore:setup.py install is deprecated -W ignore:easy_install command is deprecated setup.py egg_info --egg-base ../../build/robot1_controler build --build-base /home/robousr/Robotica-2026-1/proyecto_Robot1/Robot_1/build/robot1_controler/build install --record /home/robousr/Robotica-2026-1/proyecto_Robot1/Robot_1/build/robot1_controler/install.log --single-version-externally-managed install_data
[2.013s] DEBUG:colcon.colcon_core.event_handler.log_command:Invoking command in '/home/robousr/Robotica-2026-1/proyecto_Robot1/Robot_1/src/robot1_bringup': PYTHONPATH=/home/robousr/Robotica-2026-1/proyecto_Robot1/Robot_1/build/robot1_bringup/prefix_override:/usr/lib/python3/dist-packages/colcon_core/task/python/colcon_distutils_commands:/home/robousr/Robotica-2026-1/proyecto_Robot1/Robot_1/install/robot1_bringup/lib/python3.10/site-packages:${PYTHONPATH} /usr/bin/python3 -W ignore:setup.py install is deprecated -W ignore:easy_install command is deprecated setup.py egg_info --egg-base ../../build/robot1_bringup build --build-base /home/robousr/Robotica-2026-1/proyecto_Robot1/Robot_1/build/robot1_bringup/build install --record /home/robousr/Robotica-2026-1/proyecto_Robot1/Robot_1/build/robot1_bringup/install.log --single-version-externally-managed install_data
[2.191s] DEBUG:colcon.colcon_core.event_handler.log_command:Invoking command in '/home/robousr/Robotica-2026-1/proyecto_Robot1/Robot_1/src/my_robot_descripction': PYTHONPATH=/home/robousr/Robotica-2026-1/proyecto_Robot1/Robot_1/build/my_robot_descripction/prefix_override:/usr/lib/python3/dist-packages/colcon_core/task/python/colcon_distutils_commands:/home/robousr/Robotica-2026-1/proyecto_Robot1/Robot_1/install/my_robot_descripction/lib/python3.10/site-packages:${PYTHONPATH} /usr/bin/python3 -W ignore:setup.py install is deprecated -W ignore:easy_install command is deprecated setup.py egg_info --egg-base ../../build/my_robot_descripction build --build-base /home/robousr/Robotica-2026-1/proyecto_Robot1/Robot_1/build/my_robot_descripction/build install --record /home/robousr/Robotica-2026-1/proyecto_Robot1/Robot_1/build/my_robot_descripction/install.log --single-version-externally-managed install_data
[2.468s] DEBUG:colcon.colcon_core.event_handler.log_command:Invoked command in '/home/robousr/Robotica-2026-1/proyecto_Robot1/Robot_1/src/robot1_controler' returned '0': PYTHONPATH=/home/robousr/Robotica-2026-1/proyecto_Robot1/Robot_1/build/robot1_controler/prefix_override:/usr/lib/python3/dist-packages/colcon_core/task/python/colcon_distutils_commands:/home/robousr/Robotica-2026-1/proyecto_Robot1/Robot_1/install/robot1_controler/lib/python3.10/site-packages:${PYTHONPATH} /usr/bin/python3 -W ignore:setup.py install is deprecated -W ignore:easy_install command is deprecated setup.py egg_info --egg-base ../../build/robot1_controler build --build-base /home/robousr/Robotica-2026-1/proyecto_Robot1/Robot_1/build/robot1_controler/build install --record /home/robousr/Robotica-2026-1/proyecto_Robot1/Robot_1/build/robot1_controler/install.log --single-version-externally-managed install_data
[2.472s] Level 1:colcon.colcon_core.environment:checking '/home/robousr/Robotica-2026-1/proyecto_Robot1/Robot_1/install/robot1_controler' for CMake module files
[2.472s] Level 1:colcon.colcon_core.environment:checking '/home/robousr/Robotica-2026-1/proyecto_Robot1/Robot_1/install/robot1_controler' for CMake config files
[2.473s] Level 1:colcon.colcon_core.environment:checking '/home/robousr/Robotica-2026-1/proyecto_Robot1/Robot_1/install/robot1_controler/lib'
[2.474s] Level 1:colcon.colcon_core.environment:checking '/home/robousr/Robotica-2026-1/proyecto_Robot1/Robot_1/install/robot1_controler/bin'
[2.474s] Level 1:colcon.colcon_core.environment:checking '/home/robousr/Robotica-2026-1/proyecto_Robot1/Robot_1/install/robot1_controler/lib/pkgconfig/robot1_controler.pc'
[2.474s] Level 1:colcon.colcon_core.environment:checking '/home/robousr/Robotica-2026-1/proyecto_Robot1/Robot_1/install/robot1_controler/lib/python3.10/site-packages'
[2.474s] Level 1:colcon.colcon_core.shell:create_environment_hook('robot1_controler', 'pythonpath')
[2.475s] INFO:colcon.colcon_core.shell:Creating environment hook '/home/robousr/Robotica-2026-1/proyecto_Robot1/Robot_1/install/robot1_controler/share/robot1_controler/hook/pythonpath.ps1'
[2.475s] INFO:colcon.colcon_core.shell:Creating environment descriptor '/home/robousr/Robotica-2026-1/proyecto_Robot1/Robot_1/install/robot1_controler/share/robot1_controler/hook/pythonpath.dsv'
[2.476s] INFO:colcon.colcon_core.shell:Creating environment hook '/home/robousr/Robotica-2026-1/proyecto_Robot1/Robot_1/install/robot1_controler/share/robot1_controler/hook/pythonpath.sh'
[2.477s] Level 1:colcon.colcon_core.environment:checking '/home/robousr/Robotica-2026-1/proyecto_Robot1/Robot_1/install/robot1_controler/bin'
[2.477s] Level 1:colcon.colcon_core.environment:create_environment_scripts_only(robot1_controler)
[2.478s] INFO:colcon.colcon_core.shell:Creating package script '/home/robousr/Robotica-2026-1/proyecto_Robot1/Robot_1/install/robot1_controler/share/robot1_controler/package.ps1'
[2.480s] INFO:colcon.colcon_core.shell:Creating package descriptor '/home/robousr/Robotica-2026-1/proyecto_Robot1/Robot_1/install/robot1_controler/share/robot1_controler/package.dsv'
[2.481s] INFO:colcon.colcon_core.shell:Creating package script '/home/robousr/Robotica-2026-1/proyecto_Robot1/Robot_1/install/robot1_controler/share/robot1_controler/package.sh'
[2.483s] INFO:colcon.colcon_core.shell:Creating package script '/home/robousr/Robotica-2026-1/proyecto_Robot1/Robot_1/install/robot1_controler/share/robot1_controler/package.bash'
[2.485s] INFO:colcon.colcon_core.shell:Creating package script '/home/robousr/Robotica-2026-1/proyecto_Robot1/Robot_1/install/robot1_controler/share/robot1_controler/package.zsh'
[2.486s] Level 1:colcon.colcon_core.environment:create_file_with_runtime_dependencies(/home/robousr/Robotica-2026-1/proyecto_Robot1/Robot_1/install/robot1_controler/share/colcon-core/packages/robot1_controler)
[2.518s] Level 1:colcon.colcon_core.environment:checking '/home/robousr/Robotica-2026-1/proyecto_Robot1/Robot_1/install/robot1_bringup' for CMake module files
[2.518s] DEBUG:colcon.colcon_core.event_handler.log_command:Invoked command in '/home/robousr/Robotica-2026-1/proyecto_Robot1/Robot_1/src/robot1_bringup' returned '0': PYTHONPATH=/home/robousr/Robotica-2026-1/proyecto_Robot1/Robot_1/build/robot1_bringup/prefix_override:/usr/lib/python3/dist-packages/colcon_core/task/python/colcon_distutils_commands:/home/robousr/Robotica-2026-1/proyecto_Robot1/Robot_1/install/robot1_bringup/lib/python3.10/site-packages:${PYTHONPATH} /usr/bin/python3 -W ignore:setup.py install is deprecated -W ignore:easy_install command is deprecated setup.py egg_info --egg-base ../../build/robot1_bringup build --build-base /home/robousr/Robotica-2026-1/proyecto_Robot1/Robot_1/build/robot1_bringup/build install --record /home/robousr/Robotica-2026-1/proyecto_Robot1/Robot_1/build/robot1_bringup/install.log --single-version-externally-managed install_data
[2.519s] Level 1:colcon.colcon_core.environment:checking '/home/robousr/Robotica-2026-1/proyecto_Robot1/Robot_1/install/robot1_bringup' for CMake config files
[2.519s] Level 1:colcon.colcon_core.environment:checking '/home/robousr/Robotica-2026-1/proyecto_Robot1/Robot_1/install/robot1_bringup/lib'
[2.519s] Level 1:colcon.colcon_core.environment:checking '/home/robousr/Robotica-2026-1/proyecto_Robot1/Robot_1/install/robot1_bringup/bin'
[2.519s] Level 1:colcon.colcon_core.environment:checking '/home/robousr/Robotica-2026-1/proyecto_Robot1/Robot_1/install/robot1_bringup/lib/pkgconfig/robot1_bringup.pc'
[2.519s] Level 1:colcon.colcon_core.environment:checking '/home/robousr/Robotica-2026-1/proyecto_Robot1/Robot_1/install/robot1_bringup/lib/python3.10/site-packages'
[2.520s] Level 1:colcon.colcon_core.shell:create_environment_hook('robot1_bringup', 'pythonpath')
[2.520s] INFO:colcon.colcon_core.shell:Creating environment hook '/home/robousr/Robotica-2026-1/proyecto_Robot1/Robot_1/install/robot1_bringup/share/robot1_bringup/hook/pythonpath.ps1'
[2.520s] INFO:colcon.colcon_core.shell:Creating environment descriptor '/home/robousr/Robotica-2026-1/proyecto_Robot1/Robot_1/install/robot1_bringup/share/robot1_bringup/hook/pythonpath.dsv'
[2.521s] INFO:colcon.colcon_core.shell:Creating environment hook '/home/robousr/Robotica-2026-1/proyecto_Robot1/Robot_1/install/robot1_bringup/share/robot1_bringup/hook/pythonpath.sh'
[2.521s] Level 1:colcon.colcon_core.environment:checking '/home/robousr/Robotica-2026-1/proyecto_Robot1/Robot_1/install/robot1_bringup/bin'
[2.521s] Level 1:colcon.colcon_core.environment:create_environment_scripts_only(robot1_bringup)
[2.522s] INFO:colcon.colcon_core.shell:Creating package script '/home/robousr/Robotica-2026-1/proyecto_Robot1/Robot_1/install/robot1_bringup/share/robot1_bringup/package.ps1'
[2.522s] INFO:colcon.colcon_core.shell:Creating package descriptor '/home/robousr/Robotica-2026-1/proyecto_Robot1/Robot_1/install/robot1_bringup/share/robot1_bringup/package.dsv'
[2.523s] INFO:colcon.colcon_core.shell:Creating package script '/home/robousr/Robotica-2026-1/proyecto_Robot1/Robot_1/install/robot1_bringup/share/robot1_bringup/package.sh'
[2.523s] INFO:colcon.colcon_core.shell:Creating package script '/home/robousr/Robotica-2026-1/proyecto_Robot1/Robot_1/install/robot1_bringup/share/robot1_bringup/package.bash'
[2.523s] INFO:colcon.colcon_core.shell:Creating package script '/home/robousr/Robotica-2026-1/proyecto_Robot1/Robot_1/install/robot1_bringup/share/robot1_bringup/package.zsh'
[2.524s] Level 1:colcon.colcon_core.environment:create_file_with_runtime_dependencies(/home/robousr/Robotica-2026-1/proyecto_Robot1/Robot_1/install/robot1_bringup/share/colcon-core/packages/robot1_bringup)
[2.676s] Level 1:colcon.colcon_core.environment:checking '/home/robousr/Robotica-2026-1/proyecto_Robot1/Robot_1/install/my_robot_descripction' for CMake module files
[2.677s] DEBUG:colcon.colcon_core.event_handler.log_command:Invoked command in '/home/robousr/Robotica-2026-1/proyecto_Robot1/Robot_1/src/my_robot_descripction' returned '0': PYTHONPATH=/home/robousr/Robotica-2026-1/proyecto_Robot1/Robot_1/build/my_robot_descripction/prefix_override:/usr/lib/python3/dist-packages/colcon_core/task/python/colcon_distutils_commands:/home/robousr/Robotica-2026-1/proyecto_Robot1/Robot_1/install/my_robot_descripction/lib/python3.10/site-packages:${PYTHONPATH} /usr/bin/python3 -W ignore:setup.py install is deprecated -W ignore:easy_install command is deprecated setup.py egg_info --egg-base ../../build/my_robot_descripction build --build-base /home/robousr/Robotica-2026-1/proyecto_Robot1/Robot_1/build/my_robot_descripction/build install --record /home/robousr/Robotica-2026-1/proyecto_Robot1/Robot_1/build/my_robot_descripction/install.log --single-version-externally-managed install_data
[2.677s] Level 1:colcon.colcon_core.environment:checking '/home/robousr/Robotica-2026-1/proyecto_Robot1/Robot_1/install/my_robot_descripction' for CMake config files
[2.678s] Level 1:colcon.colcon_core.environment:checking '/home/robousr/Robotica-2026-1/proyecto_Robot1/Robot_1/install/my_robot_descripction/lib'
[2.678s] Level 1:colcon.colcon_core.environment:checking '/home/robousr/Robotica-2026-1/proyecto_Robot1/Robot_1/install/my_robot_descripction/bin'
[2.679s] Level 1:colcon.colcon_core.environment:checking '/home/robousr/Robotica-2026-1/proyecto_Robot1/Robot_1/install/my_robot_descripction/lib/pkgconfig/my_robot_descripction.pc'
[2.679s] Level 1:colcon.colcon_core.environment:checking '/home/robousr/Robotica-2026-1/proyecto_Robot1/Robot_1/install/my_robot_descripction/lib/python3.10/site-packages'
[2.679s] Level 1:colcon.colcon_core.shell:create_environment_hook('my_robot_descripction', 'pythonpath')
[2.679s] INFO:colcon.colcon_core.shell:Creating environment hook '/home/robousr/Robotica-2026-1/proyecto_Robot1/Robot_1/install/my_robot_descripction/share/my_robot_descripction/hook/pythonpath.ps1'
[2.680s] INFO:colcon.colcon_core.shell:Creating environment descriptor '/home/robousr/Robotica-2026-1/proyecto_Robot1/Robot_1/install/my_robot_descripction/share/my_robot_descripction/hook/pythonpath.dsv'
[2.680s] INFO:colcon.colcon_core.shell:Creating environment hook '/home/robousr/Robotica-2026-1/proyecto_Robot1/Robot_1/install/my_robot_descripction/share/my_robot_descripction/hook/pythonpath.sh'
[2.681s] Level 1:colcon.colcon_core.environment:checking '/home/robousr/Robotica-2026-1/proyecto_Robot1/Robot_1/install/my_robot_descripction/bin'
[2.681s] Level 1:colcon.colcon_core.environment:create_environment_scripts_only(my_robot_descripction)
[2.682s] INFO:colcon.colcon_core.shell:Creating package script '/home/robousr/Robotica-2026-1/proyecto_Robot1/Robot_1/install/my_robot_descripction/share/my_robot_descripction/package.ps1'
[2.682s] INFO:colcon.colcon_core.shell:Creating package descriptor '/home/robousr/Robotica-2026-1/proyecto_Robot1/Robot_1/install/my_robot_descripction/share/my_robot_descripction/package.dsv'
[2.683s] INFO:colcon.colcon_core.shell:Creating package script '/home/robousr/Robotica-2026-1/proyecto_Robot1/Robot_1/install/my_robot_descripction/share/my_robot_descripction/package.sh'
[2.683s] INFO:colcon.colcon_core.shell:Creating package script '/home/robousr/Robotica-2026-1/proyecto_Robot1/Robot_1/install/my_robot_descripction/share/my_robot_descripction/package.bash'
[2.684s] INFO:colcon.colcon_core.shell:Creating package script '/home/robousr/Robotica-2026-1/proyecto_Robot1/Robot_1/install/my_robot_descripction/share/my_robot_descripction/package.zsh'
[2.684s] Level 1:colcon.colcon_core.environment:create_file_with_runtime_dependencies(/home/robousr/Robotica-2026-1/proyecto_Robot1/Robot_1/install/my_robot_descripction/share/colcon-core/packages/my_robot_descripction)
[2.685s] DEBUG:colcon.colcon_parallel_executor.executor.parallel:closing loop
[2.685s] DEBUG:colcon.colcon_parallel_executor.executor.parallel:loop closed
[2.685s] DEBUG:colcon.colcon_parallel_executor.executor.parallel:run_until_complete finished with '0'
[2.685s] DEBUG:colcon.colcon_core.event_reactor:joining thread
[2.694s] INFO:colcon.colcon_core.plugin_system:Skipping extension 'colcon_notification.desktop_notification.terminal_notifier': Not used on non-Darwin systems
[2.694s] INFO:colcon.colcon_core.plugin_system:Skipping extension 'colcon_notification.desktop_notification.win32': Not used on non-Windows systems
[2.694s] INFO:colcon.colcon_notification.desktop_notification:Sending desktop notification using 'notify2'
[2.720s] DEBUG:colcon.colcon_core.event_reactor:joined thread
[2.722s] INFO:colcon.colcon_core.shell:Creating prefix script '/home/robousr/Robotica-2026-1/proyecto_Robot1/Robot_1/install/local_setup.ps1'
[2.725s] INFO:colcon.colcon_core.shell:Creating prefix util module '/home/robousr/Robotica-2026-1/proyecto_Robot1/Robot_1/install/_local_setup_util_ps1.py'
[2.729s] INFO:colcon.colcon_core.shell:Creating prefix chain script '/home/robousr/Robotica-2026-1/proyecto_Robot1/Robot_1/install/setup.ps1'
[2.731s] INFO:colcon.colcon_core.shell:Creating prefix script '/home/robousr/Robotica-2026-1/proyecto_Robot1/Robot_1/install/local_setup.sh'
[2.732s] INFO:colcon.colcon_core.shell:Creating prefix util module '/home/robousr/Robotica-2026-1/proyecto_Robot1/Robot_1/install/_local_setup_util_sh.py'
[2.733s] INFO:colcon.colcon_core.shell:Creating prefix chain script '/home/robousr/Robotica-2026-1/proyecto_Robot1/Robot_1/install/setup.sh'
[2.736s] INFO:colcon.colcon_core.shell:Creating prefix script '/home/robousr/Robotica-2026-1/proyecto_Robot1/Robot_1/install/local_setup.bash'
[2.737s] INFO:colcon.colcon_core.shell:Creating prefix chain script '/home/robousr/Robotica-2026-1/proyecto_Robot1/Robot_1/install/setup.bash'
[2.739s] INFO:colcon.colcon_core.shell:Creating prefix script '/home/robousr/Robotica-2026-1/proyecto_Robot1/Robot_1/install/local_setup.zsh'
[2.740s] INFO:colcon.colcon_core.shell:Creating prefix chain script '/home/robousr/Robotica-2026-1/proyecto_Robot1/Robot_1/install/setup.zsh'
