running egg_info
creating ../../build/robot_xyz_bringup/robot_xyz_bringup.egg-info
writing ../../build/robot_xyz_bringup/robot_xyz_bringup.egg-info/PKG-INFO
writing dependency_links to ../../build/robot_xyz_bringup/robot_xyz_bringup.egg-info/dependency_links.txt
writing entry points to ../../build/robot_xyz_bringup/robot_xyz_bringup.egg-info/entry_points.txt
writing requirements to ../../build/robot_xyz_bringup/robot_xyz_bringup.egg-info/requires.txt
writing top-level names to ../../build/robot_xyz_bringup/robot_xyz_bringup.egg-info/top_level.txt
writing manifest file '../../build/robot_xyz_bringup/robot_xyz_bringup.egg-info/SOURCES.txt'
reading manifest file '../../build/robot_xyz_bringup/robot_xyz_bringup.egg-info/SOURCES.txt'
writing manifest file '../../build/robot_xyz_bringup/robot_xyz_bringup.egg-info/SOURCES.txt'
running build
running build_py
creating /home/robousr/Robotica-2026-1/robot_xyz_ws/build/robot_xyz_bringup/build
creating /home/robousr/Robotica-2026-1/robot_xyz_ws/build/robot_xyz_bringup/build/lib
creating /home/robousr/Robotica-2026-1/robot_xyz_ws/build/robot_xyz_bringup/build/lib/robot_xyz_bringup
copying robot_xyz_bringup/__init__.py -> /home/robousr/Robotica-2026-1/robot_xyz_ws/build/robot_xyz_bringup/build/lib/robot_xyz_bringup
running install
running install_lib
creating /home/robousr/Robotica-2026-1/robot_xyz_ws/install/robot_xyz_bringup/lib/python3.10/site-packages/robot_xyz_bringup
copying /home/robousr/Robotica-2026-1/robot_xyz_ws/build/robot_xyz_bringup/build/lib/robot_xyz_bringup/__init__.py -> /home/robousr/Robotica-2026-1/robot_xyz_ws/install/robot_xyz_bringup/lib/python3.10/site-packages/robot_xyz_bringup
byte-compiling /home/robousr/Robotica-2026-1/robot_xyz_ws/install/robot_xyz_bringup/lib/python3.10/site-packages/robot_xyz_bringup/__init__.py to __init__.cpython-310.pyc
running install_data
creating /home/robousr/Robotica-2026-1/robot_xyz_ws/install/robot_xyz_bringup/share/ament_index
creating /home/robousr/Robotica-2026-1/robot_xyz_ws/install/robot_xyz_bringup/share/ament_index/resource_index
creating /home/robousr/Robotica-2026-1/robot_xyz_ws/install/robot_xyz_bringup/share/ament_index/resource_index/packages
copying resource/robot_xyz_bringup -> /home/robousr/Robotica-2026-1/robot_xyz_ws/install/robot_xyz_bringup/share/ament_index/resource_index/packages
copying package.xml -> /home/robousr/Robotica-2026-1/robot_xyz_ws/install/robot_xyz_bringup/share/robot_xyz_bringup
creating /home/robousr/Robotica-2026-1/robot_xyz_ws/install/robot_xyz_bringup/share/robot_xyz_bringup/launch
copying launch/controller.launch.py -> /home/robousr/Robotica-2026-1/robot_xyz_ws/install/robot_xyz_bringup/share/robot_xyz_bringup/launch
running install_egg_info
Copying ../../build/robot_xyz_bringup/robot_xyz_bringup.egg-info to /home/robousr/Robotica-2026-1/robot_xyz_ws/install/robot_xyz_bringup/lib/python3.10/site-packages/robot_xyz_bringup-0.0.0-py3.10.egg-info
running install_scripts
writing list of installed files to '/home/robousr/Robotica-2026-1/robot_xyz_ws/build/robot_xyz_bringup/install.log'
